{"D:\\project\\ptit\\sqa\\information_portal\\server\\__tests__\\setup.js": {"path":"D:\\project\\ptit\\sqa\\information_portal\\server\\__tests__\\setup.js","statementMap":{"0":{"start":{"line":13,"column":0},"end":{"line":13,"column":82}},"1":{"start":{"line":15,"column":16},"end":{"line":15,"column":34}},"2":{"start":{"line":16,"column":12},"end":{"line":16,"column":35}},"3":{"start":{"line":17,"column":13},"end":{"line":17,"column":40}},"4":{"start":{"line":18,"column":24},"end":{"line":18,"column":59}},"5":{"start":{"line":19,"column":18},"end":{"line":19,"column":51}},"6":{"start":{"line":20,"column":21},"end":{"line":20,"column":62}},"7":{"start":{"line":23,"column":19},"end":{"line":23,"column":57}},"8":{"start":{"line":28,"column":22},"end":{"line":29,"column":52}},"9":{"start":{"line":29,"column":2},"end":{"line":29,"column":52}},"10":{"start":{"line":32,"column":20},"end":{"line":36,"column":2}},"11":{"start":{"line":39,"column":22},"end":{"line":43,"column":2}},"12":{"start":{"line":56,"column":22},"end":{"line":62,"column":1}},"13":{"start":{"line":57,"column":14},"end":{"line":57,"column":23}},"14":{"start":{"line":58,"column":2},"end":{"line":58,"column":26}},"15":{"start":{"line":59,"column":2},"end":{"line":59,"column":65}},"16":{"start":{"line":60,"column":2},"end":{"line":60,"column":24}},"17":{"start":{"line":61,"column":2},"end":{"line":61,"column":13}},"18":{"start":{"line":71,"column":24},"end":{"line":77,"column":1}},"19":{"start":{"line":72,"column":14},"end":{"line":72,"column":23}},"20":{"start":{"line":73,"column":2},"end":{"line":73,"column":26}},"21":{"start":{"line":74,"column":2},"end":{"line":74,"column":29}},"22":{"start":{"line":75,"column":2},"end":{"line":75,"column":24}},"23":{"start":{"line":76,"column":2},"end":{"line":76,"column":13}},"24":{"start":{"line":87,"column":22},"end":{"line":89,"column":1}},"25":{"start":{"line":88,"column":2},"end":{"line":88,"column":47}},"26":{"start":{"line":97,"column":21},"end":{"line":99,"column":1}},"27":{"start":{"line":98,"column":2},"end":{"line":98,"column":66}},"28":{"start":{"line":102,"column":18},"end":{"line":104,"column":1}},"29":{"start":{"line":103,"column":2},"end":{"line":103,"column":19}},"30":{"start":{"line":107,"column":0},"end":{"line":117,"column":2}}},"fnMap":{"0":{"name":"(anonymous_0)","decl":{"start":{"line":28,"column":22},"end":{"line":28,"column":23}},"loc":{"start":{"line":29,"column":2},"end":{"line":29,"column":52}},"line":29},"1":{"name":"(anonymous_1)","decl":{"start":{"line":56,"column":22},"end":{"line":56,"column":23}},"loc":{"start":{"line":56,"column":46},"end":{"line":62,"column":1}},"line":56},"2":{"name":"(anonymous_2)","decl":{"start":{"line":71,"column":24},"end":{"line":71,"column":25}},"loc":{"start":{"line":71,"column":47},"end":{"line":77,"column":1}},"line":71},"3":{"name":"(anonymous_3)","decl":{"start":{"line":87,"column":22},"end":{"line":87,"column":23}},"loc":{"start":{"line":87,"column":43},"end":{"line":89,"column":1}},"line":87},"4":{"name":"(anonymous_4)","decl":{"start":{"line":97,"column":21},"end":{"line":97,"column":22}},"loc":{"start":{"line":97,"column":46},"end":{"line":99,"column":1}},"line":97},"5":{"name":"(anonymous_5)","decl":{"start":{"line":102,"column":18},"end":{"line":102,"column":19}},"loc":{"start":{"line":102,"column":30},"end":{"line":104,"column":1}},"line":102}},"branchMap":{"0":{"loc":{"start":{"line":23,"column":19},"end":{"line":23,"column":57}},"type":"binary-expr","locations":[{"start":{"line":23,"column":19},"end":{"line":23,"column":41}},{"start":{"line":23,"column":45},"end":{"line":23,"column":57}}],"line":23}},"s":{"0":11,"1":11,"2":11,"3":11,"4":11,"5":11,"6":11,"7":11,"8":11,"9":22,"10":11,"11":11,"12":11,"13":9,"14":9,"15":9,"16":9,"17":9,"18":11,"19":2,"20":2,"21":2,"22":2,"23":2,"24":11,"25":7,"26":11,"27":0,"28":11,"29":0,"30":11},"f":{"0":22,"1":9,"2":2,"3":7,"4":0,"5":0},"b":{"0":[11,0]},"_coverageSchema":"1a1c01bbd47fc00a2c39e90264f33305004495a9","hash":"48f46dd72e71d0cee50f7a8ec3515f31bcc79622"}
,"D:\\project\\ptit\\sqa\\information_portal\\server\\src\\config\\db.js": {"path":"D:\\project\\ptit\\sqa\\information_portal\\server\\src\\config\\db.js","statementMap":{"0":{"start":{"line":1,"column":14},"end":{"line":1,"column":39}},"1":{"start":{"line":2,"column":0},"end":{"line":2,"column":27}},"2":{"start":{"line":4,"column":13},"end":{"line":18,"column":2}},"3":{"start":{"line":21,"column":0},"end":{"line":29,"column":5}},"4":{"start":{"line":24,"column":4},"end":{"line":24,"column":53}},"5":{"start":{"line":25,"column":4},"end":{"line":25,"column":25}},"6":{"start":{"line":28,"column":4},"end":{"line":28,"column":63}},"7":{"start":{"line":31,"column":0},"end":{"line":31,"column":22}}},"fnMap":{"0":{"name":"(anonymous_0)","decl":{"start":{"line":23,"column":8},"end":{"line":23,"column":9}},"loc":{"start":{"line":23,"column":24},"end":{"line":26,"column":3}},"line":23},"1":{"name":"(anonymous_1)","decl":{"start":{"line":27,"column":9},"end":{"line":27,"column":10}},"loc":{"start":{"line":27,"column":18},"end":{"line":29,"column":3}},"line":27}},"branchMap":{"0":{"loc":{"start":{"line":5,"column":8},"end":{"line":5,"column":42}},"type":"binary-expr","locations":[{"start":{"line":5,"column":8},"end":{"line":5,"column":27}},{"start":{"line":5,"column":31},"end":{"line":5,"column":42}}],"line":5},"1":{"loc":{"start":{"line":6,"column":8},"end":{"line":6,"column":35}},"type":"binary-expr","locations":[{"start":{"line":6,"column":8},"end":{"line":6,"column":27}},{"start":{"line":6,"column":31},"end":{"line":6,"column":35}}],"line":6},"2":{"loc":{"start":{"line":7,"column":8},"end":{"line":7,"column":37}},"type":"binary-expr","locations":[{"start":{"line":7,"column":8},"end":{"line":7,"column":27}},{"start":{"line":7,"column":31},"end":{"line":7,"column":37}}],"line":7},"3":{"loc":{"start":{"line":8,"column":12},"end":{"line":8,"column":45}},"type":"binary-expr","locations":[{"start":{"line":8,"column":12},"end":{"line":8,"column":35}},{"start":{"line":8,"column":39},"end":{"line":8,"column":45}}],"line":8},"4":{"loc":{"start":{"line":9,"column":12},"end":{"line":9,"column":47}},"type":"binary-expr","locations":[{"start":{"line":9,"column":12},"end":{"line":9,"column":31}},{"start":{"line":9,"column":35},"end":{"line":9,"column":47}}],"line":9}},"s":{"0":11,"1":11,"2":11,"3":11,"4":11,"5":11,"6":0,"7":11},"f":{"0":11,"1":0},"b":{"0":[11,0],"1":[11,0],"2":[11,0],"3":[11,0],"4":[11,0]},"_coverageSchema":"1a1c01bbd47fc00a2c39e90264f33305004495a9","hash":"693320a644dbd6f780c2f9477c5bbfdf862fe013"}
,"D:\\project\\ptit\\sqa\\information_portal\\server\\src\\middleware\\adminGuard.js": {"path":"D:\\project\\ptit\\sqa\\information_portal\\server\\src\\middleware\\adminGuard.js","statementMap":{"0":{"start":{"line":2,"column":19},"end":{"line":14,"column":1}},"1":{"start":{"line":4,"column":2},"end":{"line":6,"column":3}},"2":{"start":{"line":5,"column":4},"end":{"line":5,"column":61}},"3":{"start":{"line":9,"column":2},"end":{"line":11,"column":3}},"4":{"start":{"line":10,"column":4},"end":{"line":10,"column":81}},"5":{"start":{"line":13,"column":2},"end":{"line":13,"column":9}},"6":{"start":{"line":16,"column":0},"end":{"line":16,"column":28}}},"fnMap":{"0":{"name":"(anonymous_0)","decl":{"start":{"line":2,"column":19},"end":{"line":2,"column":20}},"loc":{"start":{"line":2,"column":39},"end":{"line":14,"column":1}},"line":2}},"branchMap":{"0":{"loc":{"start":{"line":4,"column":2},"end":{"line":6,"column":3}},"type":"if","locations":[{"start":{"line":4,"column":2},"end":{"line":6,"column":3}},{"start":{},"end":{}}],"line":4},"1":{"loc":{"start":{"line":9,"column":2},"end":{"line":11,"column":3}},"type":"if","locations":[{"start":{"line":9,"column":2},"end":{"line":11,"column":3}},{"start":{},"end":{}}],"line":9},"2":{"loc":{"start":{"line":9,"column":6},"end":{"line":9,"column":66}},"type":"binary-expr","locations":[{"start":{"line":9,"column":6},"end":{"line":9,"column":31}},{"start":{"line":9,"column":35},"end":{"line":9,"column":66}}],"line":9}},"s":{"0":2,"1":8,"2":0,"3":8,"4":0,"5":8,"6":2},"f":{"0":8},"b":{"0":[0,8],"1":[0,8],"2":[8,0]},"_coverageSchema":"1a1c01bbd47fc00a2c39e90264f33305004495a9","hash":"14c4bf3b4af66922d7bc089e003081b899062ec0"}
,"D:\\project\\ptit\\sqa\\information_portal\\server\\src\\middleware\\auth.js": {"path":"D:\\project\\ptit\\sqa\\information_portal\\server\\src\\middleware\\auth.js","statementMap":{"0":{"start":{"line":1,"column":12},"end":{"line":1,"column":35}},"1":{"start":{"line":3,"column":23},"end":{"line":21,"column":1}},"2":{"start":{"line":4,"column":21},"end":{"line":4,"column":46}},"3":{"start":{"line":5,"column":2},"end":{"line":7,"column":3}},"4":{"start":{"line":6,"column":4},"end":{"line":6,"column":77}},"5":{"start":{"line":9,"column":16},"end":{"line":9,"column":40}},"6":{"start":{"line":10,"column":2},"end":{"line":12,"column":3}},"7":{"start":{"line":11,"column":4},"end":{"line":11,"column":77}},"8":{"start":{"line":14,"column":2},"end":{"line":20,"column":3}},"9":{"start":{"line":15,"column":20},"end":{"line":15,"column":77}},"10":{"start":{"line":16,"column":4},"end":{"line":16,"column":23}},"11":{"start":{"line":17,"column":4},"end":{"line":17,"column":11}},"12":{"start":{"line":19,"column":4},"end":{"line":19,"column":73}},"13":{"start":{"line":23,"column":0},"end":{"line":23,"column":32}}},"fnMap":{"0":{"name":"(anonymous_0)","decl":{"start":{"line":3,"column":23},"end":{"line":3,"column":24}},"loc":{"start":{"line":3,"column":43},"end":{"line":21,"column":1}},"line":3}},"branchMap":{"0":{"loc":{"start":{"line":5,"column":2},"end":{"line":7,"column":3}},"type":"if","locations":[{"start":{"line":5,"column":2},"end":{"line":7,"column":3}},{"start":{},"end":{}}],"line":5},"1":{"loc":{"start":{"line":10,"column":2},"end":{"line":12,"column":3}},"type":"if","locations":[{"start":{"line":10,"column":2},"end":{"line":12,"column":3}},{"start":{},"end":{}}],"line":10},"2":{"loc":{"start":{"line":15,"column":38},"end":{"line":15,"column":76}},"type":"binary-expr","locations":[{"start":{"line":15,"column":38},"end":{"line":15,"column":60}},{"start":{"line":15,"column":64},"end":{"line":15,"column":76}}],"line":15}},"s":{"0":11,"1":11,"2":34,"3":34,"4":1,"5":33,"6":33,"7":0,"8":33,"9":33,"10":33,"11":33,"12":0,"13":11},"f":{"0":34},"b":{"0":[1,33],"1":[0,33],"2":[33,0]},"_coverageSchema":"1a1c01bbd47fc00a2c39e90264f33305004495a9","hash":"b59ddcf2cad96992b51479a7c1b0d64b6261390e"}
,"D:\\project\\ptit\\sqa\\information_portal\\server\\src\\middleware\\errorHandler.js": {"path":"D:\\project\\ptit\\sqa\\information_portal\\server\\src\\middleware\\errorHandler.js","statementMap":{"0":{"start":{"line":2,"column":21},"end":{"line":98,"column":1}},"1":{"start":{"line":3,"column":2},"end":{"line":3,"column":31}},"2":{"start":{"line":4,"column":2},"end":{"line":4,"column":43}},"3":{"start":{"line":5,"column":2},"end":{"line":5,"column":43}},"4":{"start":{"line":6,"column":2},"end":{"line":6,"column":47}},"5":{"start":{"line":9,"column":2},"end":{"line":15,"column":3}},"6":{"start":{"line":10,"column":4},"end":{"line":14,"column":7}},"7":{"start":{"line":17,"column":2},"end":{"line":23,"column":3}},"8":{"start":{"line":18,"column":4},"end":{"line":22,"column":7}},"9":{"start":{"line":25,"column":2},"end":{"line":31,"column":3}},"10":{"start":{"line":26,"column":4},"end":{"line":30,"column":7}},"11":{"start":{"line":33,"column":2},"end":{"line":39,"column":3}},"12":{"start":{"line":34,"column":4},"end":{"line":38,"column":7}},"13":{"start":{"line":41,"column":2},"end":{"line":47,"column":3}},"14":{"start":{"line":42,"column":4},"end":{"line":46,"column":7}},"15":{"start":{"line":50,"column":2},"end":{"line":55,"column":3}},"16":{"start":{"line":51,"column":4},"end":{"line":54,"column":7}},"17":{"start":{"line":57,"column":2},"end":{"line":62,"column":3}},"18":{"start":{"line":58,"column":4},"end":{"line":61,"column":7}},"19":{"start":{"line":65,"column":2},"end":{"line":70,"column":3}},"20":{"start":{"line":66,"column":4},"end":{"line":69,"column":7}},"21":{"start":{"line":72,"column":2},"end":{"line":77,"column":3}},"22":{"start":{"line":73,"column":4},"end":{"line":76,"column":7}},"23":{"start":{"line":80,"column":2},"end":{"line":86,"column":3}},"24":{"start":{"line":81,"column":4},"end":{"line":85,"column":7}},"25":{"start":{"line":89,"column":17},"end":{"line":89,"column":52}},"26":{"start":{"line":90,"column":18},"end":{"line":90,"column":56}},"27":{"start":{"line":91,"column":18},"end":{"line":91,"column":75}},"28":{"start":{"line":93,"column":2},"end":{"line":97,"column":5}},"29":{"start":{"line":100,"column":0},"end":{"line":100,"column":30}}},"fnMap":{"0":{"name":"(anonymous_0)","decl":{"start":{"line":2,"column":21},"end":{"line":2,"column":22}},"loc":{"start":{"line":2,"column":46},"end":{"line":98,"column":1}},"line":2}},"branchMap":{"0":{"loc":{"start":{"line":9,"column":2},"end":{"line":15,"column":3}},"type":"if","locations":[{"start":{"line":9,"column":2},"end":{"line":15,"column":3}},{"start":{},"end":{}}],"line":9},"1":{"loc":{"start":{"line":17,"column":2},"end":{"line":23,"column":3}},"type":"if","locations":[{"start":{"line":17,"column":2},"end":{"line":23,"column":3}},{"start":{},"end":{}}],"line":17},"2":{"loc":{"start":{"line":25,"column":2},"end":{"line":31,"column":3}},"type":"if","locations":[{"start":{"line":25,"column":2},"end":{"line":31,"column":3}},{"start":{},"end":{}}],"line":25},"3":{"loc":{"start":{"line":33,"column":2},"end":{"line":39,"column":3}},"type":"if","locations":[{"start":{"line":33,"column":2},"end":{"line":39,"column":3}},{"start":{},"end":{}}],"line":33},"4":{"loc":{"start":{"line":41,"column":2},"end":{"line":47,"column":3}},"type":"if","locations":[{"start":{"line":41,"column":2},"end":{"line":47,"column":3}},{"start":{},"end":{}}],"line":41},"5":{"loc":{"start":{"line":50,"column":2},"end":{"line":55,"column":3}},"type":"if","locations":[{"start":{"line":50,"column":2},"end":{"line":55,"column":3}},{"start":{},"end":{}}],"line":50},"6":{"loc":{"start":{"line":57,"column":2},"end":{"line":62,"column":3}},"type":"if","locations":[{"start":{"line":57,"column":2},"end":{"line":62,"column":3}},{"start":{},"end":{}}],"line":57},"7":{"loc":{"start":{"line":65,"column":2},"end":{"line":70,"column":3}},"type":"if","locations":[{"start":{"line":65,"column":2},"end":{"line":70,"column":3}},{"start":{},"end":{}}],"line":65},"8":{"loc":{"start":{"line":72,"column":2},"end":{"line":77,"column":3}},"type":"if","locations":[{"start":{"line":72,"column":2},"end":{"line":77,"column":3}},{"start":{},"end":{}}],"line":72},"9":{"loc":{"start":{"line":80,"column":2},"end":{"line":86,"column":3}},"type":"if","locations":[{"start":{"line":80,"column":2},"end":{"line":86,"column":3}},{"start":{},"end":{}}],"line":80},"10":{"loc":{"start":{"line":89,"column":17},"end":{"line":89,"column":52}},"type":"binary-expr","locations":[{"start":{"line":89,"column":17},"end":{"line":89,"column":27}},{"start":{"line":89,"column":31},"end":{"line":89,"column":45}},{"start":{"line":89,"column":49},"end":{"line":89,"column":52}}],"line":89},"11":{"loc":{"start":{"line":90,"column":18},"end":{"line":90,"column":56}},"type":"binary-expr","locations":[{"start":{"line":90,"column":18},"end":{"line":90,"column":29}},{"start":{"line":90,"column":33},"end":{"line":90,"column":56}}],"line":90},"12":{"loc":{"start":{"line":91,"column":18},"end":{"line":91,"column":75}},"type":"cond-expr","locations":[{"start":{"line":91,"column":59},"end":{"line":91,"column":68}},{"start":{"line":91,"column":71},"end":{"line":91,"column":75}}],"line":91}},"s":{"0":11,"1":9,"2":9,"3":9,"4":9,"5":9,"6":0,"7":9,"8":0,"9":9,"10":0,"11":9,"12":0,"13":9,"14":0,"15":9,"16":0,"17":9,"18":0,"19":9,"20":0,"21":9,"22":0,"23":9,"24":0,"25":9,"26":9,"27":9,"28":9,"29":11},"f":{"0":9},"b":{"0":[0,9],"1":[0,9],"2":[0,9],"3":[0,9],"4":[0,9],"5":[0,9],"6":[0,9],"7":[0,9],"8":[0,9],"9":[0,9],"10":[9,9,9],"11":[9,0],"12":[0,9]},"_coverageSchema":"1a1c01bbd47fc00a2c39e90264f33305004495a9","hash":"25d7620205f18b01e98eacda9872c8aeda142999"}
,"D:\\project\\ptit\\sqa\\information_portal\\server\\src\\middleware\\uploadExcel.js": {"path":"D:\\project\\ptit\\sqa\\information_portal\\server\\src\\middleware\\uploadExcel.js","statementMap":{"0":{"start":{"line":1,"column":15},"end":{"line":1,"column":32}},"1":{"start":{"line":2,"column":13},"end":{"line":2,"column":28}},"2":{"start":{"line":3,"column":11},"end":{"line":3,"column":24}},"3":{"start":{"line":6,"column":19},"end":{"line":6,"column":56}},"4":{"start":{"line":7,"column":0},"end":{"line":9,"column":1}},"5":{"start":{"line":8,"column":2},"end":{"line":8,"column":48}},"6":{"start":{"line":12,"column":16},"end":{"line":21,"column":2}},"7":{"start":{"line":14,"column":4},"end":{"line":14,"column":25}},"8":{"start":{"line":17,"column":25},"end":{"line":17,"column":75}},"9":{"start":{"line":18,"column":16},"end":{"line":18,"column":47}},"10":{"start":{"line":19,"column":4},"end":{"line":19,"column":44}},"11":{"start":{"line":24,"column":19},"end":{"line":36,"column":1}},"12":{"start":{"line":25,"column":23},"end":{"line":25,"column":33}},"13":{"start":{"line":26,"column":18},"end":{"line":26,"column":82}},"14":{"start":{"line":27,"column":19},"end":{"line":29,"column":63}},"15":{"start":{"line":31,"column":2},"end":{"line":35,"column":3}},"16":{"start":{"line":32,"column":4},"end":{"line":32,"column":26}},"17":{"start":{"line":34,"column":4},"end":{"line":34,"column":60}},"18":{"start":{"line":38,"column":20},"end":{"line":44,"column":2}},"19":{"start":{"line":46,"column":0},"end":{"line":46,"column":29}}},"fnMap":{"0":{"name":"(anonymous_0)","decl":{"start":{"line":13,"column":15},"end":{"line":13,"column":16}},"loc":{"start":{"line":13,"column":34},"end":{"line":15,"column":3}},"line":13},"1":{"name":"(anonymous_1)","decl":{"start":{"line":16,"column":12},"end":{"line":16,"column":13}},"loc":{"start":{"line":16,"column":31},"end":{"line":20,"column":3}},"line":16},"2":{"name":"(anonymous_2)","decl":{"start":{"line":24,"column":19},"end":{"line":24,"column":20}},"loc":{"start":{"line":24,"column":38},"end":{"line":36,"column":1}},"line":24}},"branchMap":{"0":{"loc":{"start":{"line":7,"column":0},"end":{"line":9,"column":1}},"type":"if","locations":[{"start":{"line":7,"column":0},"end":{"line":9,"column":1}},{"start":{},"end":{}}],"line":7},"1":{"loc":{"start":{"line":27,"column":19},"end":{"line":29,"column":63}},"type":"binary-expr","locations":[{"start":{"line":27,"column":19},"end":{"line":27,"column":104}},{"start":{"line":28,"column":19},"end":{"line":28,"column":63}},{"start":{"line":29,"column":19},"end":{"line":29,"column":63}}],"line":27},"2":{"loc":{"start":{"line":31,"column":2},"end":{"line":35,"column":3}},"type":"if","locations":[{"start":{"line":31,"column":2},"end":{"line":35,"column":3}},{"start":{"line":33,"column":9},"end":{"line":35,"column":3}}],"line":31},"3":{"loc":{"start":{"line":31,"column":6},"end":{"line":31,"column":25}},"type":"binary-expr","locations":[{"start":{"line":31,"column":6},"end":{"line":31,"column":13}},{"start":{"line":31,"column":17},"end":{"line":31,"column":25}}],"line":31}},"s":{"0":1,"1":1,"2":1,"3":1,"4":1,"5":0,"6":1,"7":0,"8":0,"9":0,"10":0,"11":1,"12":0,"13":0,"14":0,"15":0,"16":0,"17":0,"18":1,"19":1},"f":{"0":0,"1":0,"2":0},"b":{"0":[0,1],"1":[0,0,0],"2":[0,0],"3":[0,0]},"_coverageSchema":"1a1c01bbd47fc00a2c39e90264f33305004495a9","hash":"705f85c3115b69fad10e9f78344a0207563fef5c"}
,"D:\\project\\ptit\\sqa\\information_portal\\server\\src\\routes\\departments.js": {"path":"D:\\project\\ptit\\sqa\\information_portal\\server\\src\\routes\\departments.js","statementMap":{"0":{"start":{"line":1,"column":16},"end":{"line":1,"column":34}},"1":{"start":{"line":2,"column":13},"end":{"line":2,"column":36}},"2":{"start":{"line":3,"column":18},"end":{"line":3,"column":47}},"3":{"start":{"line":4,"column":19},"end":{"line":4,"column":54}},"4":{"start":{"line":5,"column":43},"end":{"line":5,"column":70}},"5":{"start":{"line":6,"column":35},"end":{"line":6,"column":63}},"6":{"start":{"line":8,"column":15},"end":{"line":8,"column":31}},"7":{"start":{"line":11,"column":0},"end":{"line":33,"column":3}},"8":{"start":{"line":12,"column":2},"end":{"line":32,"column":3}},"9":{"start":{"line":13,"column":26},"end":{"line":15,"column":5}},"10":{"start":{"line":18,"column":4},"end":{"line":27,"column":5}},"11":{"start":{"line":19,"column":26},"end":{"line":25,"column":7}},"12":{"start":{"line":26,"column":6},"end":{"line":26,"column":33}},"13":{"start":{"line":29,"column":4},"end":{"line":29,"column":26}},"14":{"start":{"line":31,"column":4},"end":{"line":31,"column":16}},"15":{"start":{"line":36,"column":0},"end":{"line":64,"column":3}},"16":{"start":{"line":37,"column":2},"end":{"line":63,"column":3}},"17":{"start":{"line":38,"column":19},"end":{"line":38,"column":29}},"18":{"start":{"line":39,"column":26},"end":{"line":42,"column":5}},"19":{"start":{"line":44,"column":4},"end":{"line":46,"column":5}},"20":{"start":{"line":45,"column":6},"end":{"line":45,"column":74}},"21":{"start":{"line":48,"column":23},"end":{"line":48,"column":37}},"22":{"start":{"line":51,"column":24},"end":{"line":57,"column":5}},"23":{"start":{"line":58,"column":4},"end":{"line":58,"column":37}},"24":{"start":{"line":60,"column":4},"end":{"line":60,"column":25}},"25":{"start":{"line":62,"column":4},"end":{"line":62,"column":16}},"26":{"start":{"line":67,"column":0},"end":{"line":100,"column":2}},"27":{"start":{"line":76,"column":4},"end":{"line":98,"column":5}},"28":{"start":{"line":78,"column":21},"end":{"line":78,"column":42}},"29":{"start":{"line":79,"column":6},"end":{"line":81,"column":7}},"30":{"start":{"line":80,"column":8},"end":{"line":80,"column":88}},"31":{"start":{"line":83,"column":36},"end":{"line":83,"column":44}},"32":{"start":{"line":85,"column":23},"end":{"line":88,"column":7}},"33":{"start":{"line":90,"column":24},"end":{"line":93,"column":7}},"34":{"start":{"line":95,"column":6},"end":{"line":95,"column":39}},"35":{"start":{"line":97,"column":6},"end":{"line":97,"column":18}},"36":{"start":{"line":103,"column":0},"end":{"line":147,"column":2}},"37":{"start":{"line":111,"column":4},"end":{"line":145,"column":5}},"38":{"start":{"line":113,"column":21},"end":{"line":113,"column":42}},"39":{"start":{"line":114,"column":6},"end":{"line":116,"column":7}},"40":{"start":{"line":115,"column":8},"end":{"line":115,"column":88}},"41":{"start":{"line":118,"column":21},"end":{"line":118,"column":31}},"42":{"start":{"line":119,"column":36},"end":{"line":119,"column":44}},"43":{"start":{"line":122,"column":25},"end":{"line":122,"column":90}},"44":{"start":{"line":123,"column":6},"end":{"line":125,"column":7}},"45":{"start":{"line":124,"column":8},"end":{"line":124,"column":76}},"46":{"start":{"line":127,"column":25},"end":{"line":127,"column":27}},"47":{"start":{"line":128,"column":6},"end":{"line":128,"column":53}},"48":{"start":{"line":128,"column":30},"end":{"line":128,"column":53}},"49":{"start":{"line":129,"column":6},"end":{"line":129,"column":74}},"50":{"start":{"line":129,"column":37},"end":{"line":129,"column":74}},"51":{"start":{"line":131,"column":6},"end":{"line":133,"column":7}},"52":{"start":{"line":132,"column":8},"end":{"line":132,"column":83}},"53":{"start":{"line":135,"column":6},"end":{"line":135,"column":82}},"54":{"start":{"line":137,"column":24},"end":{"line":140,"column":7}},"55":{"start":{"line":142,"column":6},"end":{"line":142,"column":27}},"56":{"start":{"line":144,"column":6},"end":{"line":144,"column":18}},"57":{"start":{"line":150,"column":0},"end":{"line":166,"column":3}},"58":{"start":{"line":151,"column":2},"end":{"line":165,"column":3}},"59":{"start":{"line":153,"column":19},"end":{"line":153,"column":29}},"60":{"start":{"line":155,"column":23},"end":{"line":155,"column":88}},"61":{"start":{"line":156,"column":4},"end":{"line":158,"column":5}},"62":{"start":{"line":157,"column":6},"end":{"line":157,"column":74}},"63":{"start":{"line":160,"column":4},"end":{"line":160,"column":67}},"64":{"start":{"line":162,"column":4},"end":{"line":162,"column":27}},"65":{"start":{"line":164,"column":4},"end":{"line":164,"column":16}},"66":{"start":{"line":169,"column":0},"end":{"line":220,"column":2}},"67":{"start":{"line":175,"column":4},"end":{"line":218,"column":5}},"68":{"start":{"line":177,"column":21},"end":{"line":177,"column":42}},"69":{"start":{"line":178,"column":6},"end":{"line":180,"column":7}},"70":{"start":{"line":179,"column":8},"end":{"line":179,"column":88}},"71":{"start":{"line":182,"column":21},"end":{"line":182,"column":31}},"72":{"start":{"line":183,"column":30},"end":{"line":183,"column":38}},"73":{"start":{"line":186,"column":21},"end":{"line":186,"column":86}},"74":{"start":{"line":187,"column":6},"end":{"line":189,"column":7}},"75":{"start":{"line":188,"column":8},"end":{"line":188,"column":76}},"76":{"start":{"line":192,"column":21},"end":{"line":192,"column":108}},"77":{"start":{"line":193,"column":6},"end":{"line":195,"column":7}},"78":{"start":{"line":194,"column":8},"end":{"line":194,"column":80}},"79":{"start":{"line":198,"column":6},"end":{"line":200,"column":7}},"80":{"start":{"line":199,"column":8},"end":{"line":199,"column":129}},"81":{"start":{"line":203,"column":6},"end":{"line":205,"column":7}},"82":{"start":{"line":204,"column":8},"end":{"line":204,"column":88}},"83":{"start":{"line":208,"column":6},"end":{"line":211,"column":8}},"84":{"start":{"line":213,"column":25},"end":{"line":213,"column":96}},"85":{"start":{"line":215,"column":6},"end":{"line":215,"column":40}},"86":{"start":{"line":217,"column":6},"end":{"line":217,"column":18}},"87":{"start":{"line":223,"column":0},"end":{"line":251,"column":3}},"88":{"start":{"line":224,"column":2},"end":{"line":250,"column":3}},"89":{"start":{"line":226,"column":31},"end":{"line":226,"column":41}},"90":{"start":{"line":229,"column":19},"end":{"line":232,"column":5}},"91":{"start":{"line":233,"column":4},"end":{"line":235,"column":5}},"92":{"start":{"line":234,"column":6},"end":{"line":234,"column":78}},"93":{"start":{"line":237,"column":4},"end":{"line":239,"column":5}},"94":{"start":{"line":238,"column":6},"end":{"line":238,"column":86}},"95":{"start":{"line":242,"column":4},"end":{"line":245,"column":6}},"96":{"start":{"line":247,"column":4},"end":{"line":247,"column":27}},"97":{"start":{"line":249,"column":4},"end":{"line":249,"column":16}},"98":{"start":{"line":253,"column":0},"end":{"line":253,"column":24}}},"fnMap":{"0":{"name":"(anonymous_0)","decl":{"start":{"line":11,"column":16},"end":{"line":11,"column":17}},"loc":{"start":{"line":11,"column":42},"end":{"line":33,"column":1}},"line":11},"1":{"name":"(anonymous_1)","decl":{"start":{"line":36,"column":19},"end":{"line":36,"column":20}},"loc":{"start":{"line":36,"column":45},"end":{"line":64,"column":1}},"line":36},"2":{"name":"(anonymous_2)","decl":{"start":{"line":75,"column":2},"end":{"line":75,"column":3}},"loc":{"start":{"line":75,"column":28},"end":{"line":99,"column":3}},"line":75},"3":{"name":"(anonymous_3)","decl":{"start":{"line":110,"column":2},"end":{"line":110,"column":3}},"loc":{"start":{"line":110,"column":28},"end":{"line":146,"column":3}},"line":110},"4":{"name":"(anonymous_4)","decl":{"start":{"line":150,"column":45},"end":{"line":150,"column":46}},"loc":{"start":{"line":150,"column":71},"end":{"line":166,"column":1}},"line":150},"5":{"name":"(anonymous_5)","decl":{"start":{"line":174,"column":2},"end":{"line":174,"column":3}},"loc":{"start":{"line":174,"column":28},"end":{"line":219,"column":3}},"line":174},"6":{"name":"(anonymous_6)","decl":{"start":{"line":223,"column":67},"end":{"line":223,"column":68}},"loc":{"start":{"line":223,"column":93},"end":{"line":251,"column":1}},"line":223}},"branchMap":{"0":{"loc":{"start":{"line":44,"column":4},"end":{"line":46,"column":5}},"type":"if","locations":[{"start":{"line":44,"column":4},"end":{"line":46,"column":5}},{"start":{},"end":{}}],"line":44},"1":{"loc":{"start":{"line":79,"column":6},"end":{"line":81,"column":7}},"type":"if","locations":[{"start":{"line":79,"column":6},"end":{"line":81,"column":7}},{"start":{},"end":{}}],"line":79},"2":{"loc":{"start":{"line":87,"column":15},"end":{"line":87,"column":34}},"type":"binary-expr","locations":[{"start":{"line":87,"column":15},"end":{"line":87,"column":26}},{"start":{"line":87,"column":30},"end":{"line":87,"column":34}}],"line":87},"3":{"loc":{"start":{"line":114,"column":6},"end":{"line":116,"column":7}},"type":"if","locations":[{"start":{"line":114,"column":6},"end":{"line":116,"column":7}},{"start":{},"end":{}}],"line":114},"4":{"loc":{"start":{"line":123,"column":6},"end":{"line":125,"column":7}},"type":"if","locations":[{"start":{"line":123,"column":6},"end":{"line":125,"column":7}},{"start":{},"end":{}}],"line":123},"5":{"loc":{"start":{"line":128,"column":6},"end":{"line":128,"column":53}},"type":"if","locations":[{"start":{"line":128,"column":6},"end":{"line":128,"column":53}},{"start":{},"end":{}}],"line":128},"6":{"loc":{"start":{"line":129,"column":6},"end":{"line":129,"column":74}},"type":"if","locations":[{"start":{"line":129,"column":6},"end":{"line":129,"column":74}},{"start":{},"end":{}}],"line":129},"7":{"loc":{"start":{"line":131,"column":6},"end":{"line":133,"column":7}},"type":"if","locations":[{"start":{"line":131,"column":6},"end":{"line":133,"column":7}},{"start":{},"end":{}}],"line":131},"8":{"loc":{"start":{"line":156,"column":4},"end":{"line":158,"column":5}},"type":"if","locations":[{"start":{"line":156,"column":4},"end":{"line":158,"column":5}},{"start":{},"end":{}}],"line":156},"9":{"loc":{"start":{"line":178,"column":6},"end":{"line":180,"column":7}},"type":"if","locations":[{"start":{"line":178,"column":6},"end":{"line":180,"column":7}},{"start":{},"end":{}}],"line":178},"10":{"loc":{"start":{"line":187,"column":6},"end":{"line":189,"column":7}},"type":"if","locations":[{"start":{"line":187,"column":6},"end":{"line":189,"column":7}},{"start":{},"end":{}}],"line":187},"11":{"loc":{"start":{"line":193,"column":6},"end":{"line":195,"column":7}},"type":"if","locations":[{"start":{"line":193,"column":6},"end":{"line":195,"column":7}},{"start":{},"end":{}}],"line":193},"12":{"loc":{"start":{"line":198,"column":6},"end":{"line":200,"column":7}},"type":"if","locations":[{"start":{"line":198,"column":6},"end":{"line":200,"column":7}},{"start":{},"end":{}}],"line":198},"13":{"loc":{"start":{"line":198,"column":10},"end":{"line":198,"column":62}},"type":"binary-expr","locations":[{"start":{"line":198,"column":10},"end":{"line":198,"column":31}},{"start":{"line":198,"column":35},"end":{"line":198,"column":62}}],"line":198},"14":{"loc":{"start":{"line":203,"column":6},"end":{"line":205,"column":7}},"type":"if","locations":[{"start":{"line":203,"column":6},"end":{"line":205,"column":7}},{"start":{},"end":{}}],"line":203},"15":{"loc":{"start":{"line":233,"column":4},"end":{"line":235,"column":5}},"type":"if","locations":[{"start":{"line":233,"column":4},"end":{"line":235,"column":5}},{"start":{},"end":{}}],"line":233},"16":{"loc":{"start":{"line":237,"column":4},"end":{"line":239,"column":5}},"type":"if","locations":[{"start":{"line":237,"column":4},"end":{"line":239,"column":5}},{"start":{},"end":{}}],"line":237}},"s":{"0":1,"1":1,"2":1,"3":1,"4":1,"5":1,"6":1,"7":1,"8":0,"9":0,"10":0,"11":0,"12":0,"13":0,"14":0,"15":1,"16":0,"17":0,"18":0,"19":0,"20":0,"21":0,"22":0,"23":0,"24":0,"25":0,"26":1,"27":2,"28":2,"29":2,"30":1,"31":1,"32":1,"33":1,"34":1,"35":0,"36":1,"37":0,"38":0,"39":0,"40":0,"41":0,"42":0,"43":0,"44":0,"45":0,"46":0,"47":0,"48":0,"49":0,"50":0,"51":0,"52":0,"53":0,"54":0,"55":0,"56":0,"57":1,"58":0,"59":0,"60":0,"61":0,"62":0,"63":0,"64":0,"65":0,"66":1,"67":1,"68":1,"69":1,"70":0,"71":1,"72":1,"73":1,"74":1,"75":0,"76":1,"77":1,"78":0,"79":1,"80":0,"81":1,"82":0,"83":1,"84":1,"85":1,"86":0,"87":1,"88":1,"89":1,"90":1,"91":1,"92":0,"93":1,"94":0,"95":1,"96":1,"97":0,"98":1},"f":{"0":0,"1":0,"2":2,"3":0,"4":0,"5":1,"6":1},"b":{"0":[0,0],"1":[1,1],"2":[1,0],"3":[0,0],"4":[0,0],"5":[0,0],"6":[0,0],"7":[0,0],"8":[0,0],"9":[0,1],"10":[0,1],"11":[0,1],"12":[0,1],"13":[1,0],"14":[0,1],"15":[0,1],"16":[0,1]},"_coverageSchema":"1a1c01bbd47fc00a2c39e90264f33305004495a9","hash":"465f086fc4e63b15f0c2f0e91d48589bafe0abe6"}
,"D:\\project\\ptit\\sqa\\information_portal\\server\\src\\routes\\majors.js": {"path":"D:\\project\\ptit\\sqa\\information_portal\\server\\src\\routes\\majors.js","statementMap":{"0":{"start":{"line":1,"column":16},"end":{"line":1,"column":34}},"1":{"start":{"line":2,"column":13},"end":{"line":2,"column":36}},"2":{"start":{"line":3,"column":18},"end":{"line":3,"column":47}},"3":{"start":{"line":4,"column":19},"end":{"line":4,"column":54}},"4":{"start":{"line":5,"column":20},"end":{"line":5,"column":56}},"5":{"start":{"line":6,"column":13},"end":{"line":6,"column":28}},"6":{"start":{"line":7,"column":11},"end":{"line":7,"column":24}},"7":{"start":{"line":9,"column":15},"end":{"line":9,"column":31}},"8":{"start":{"line":11,"column":0},"end":{"line":18,"column":3}},"9":{"start":{"line":12,"column":2},"end":{"line":17,"column":3}},"10":{"start":{"line":13,"column":19},"end":{"line":13,"column":93}},"11":{"start":{"line":14,"column":4},"end":{"line":14,"column":19}},"12":{"start":{"line":16,"column":4},"end":{"line":16,"column":16}},"13":{"start":{"line":20,"column":0},"end":{"line":36,"column":3}},"14":{"start":{"line":21,"column":2},"end":{"line":35,"column":3}},"15":{"start":{"line":22,"column":19},"end":{"line":22,"column":29}},"16":{"start":{"line":23,"column":22},"end":{"line":23,"column":81}},"17":{"start":{"line":24,"column":4},"end":{"line":26,"column":5}},"18":{"start":{"line":25,"column":6},"end":{"line":25,"column":66}},"19":{"start":{"line":27,"column":22},"end":{"line":30,"column":5}},"20":{"start":{"line":31,"column":4},"end":{"line":31,"column":28}},"21":{"start":{"line":32,"column":4},"end":{"line":32,"column":20}},"22":{"start":{"line":34,"column":4},"end":{"line":34,"column":16}},"23":{"start":{"line":38,"column":0},"end":{"line":71,"column":3}},"24":{"start":{"line":39,"column":2},"end":{"line":70,"column":3}},"25":{"start":{"line":40,"column":20},"end":{"line":40,"column":28}},"26":{"start":{"line":43,"column":25},"end":{"line":43,"column":27}},"27":{"start":{"line":44,"column":4},"end":{"line":61,"column":7}},"28":{"start":{"line":46,"column":6},"end":{"line":48,"column":7}},"29":{"start":{"line":47,"column":8},"end":{"line":47,"column":15}},"30":{"start":{"line":50,"column":6},"end":{"line":60,"column":7}},"31":{"start":{"line":51,"column":20},"end":{"line":51,"column":32}},"32":{"start":{"line":54,"column":8},"end":{"line":57,"column":9}},"33":{"start":{"line":56,"column":10},"end":{"line":56,"column":55}},"34":{"start":{"line":59,"column":8},"end":{"line":59,"column":34}},"35":{"start":{"line":63,"column":21},"end":{"line":63,"column":81}},"36":{"start":{"line":64,"column":22},"end":{"line":64,"column":94}},"37":{"start":{"line":65,"column":4},"end":{"line":65,"column":32}},"38":{"start":{"line":67,"column":4},"end":{"line":67,"column":51}},"39":{"start":{"line":68,"column":4},"end":{"line":68,"column":40}},"40":{"start":{"line":69,"column":4},"end":{"line":69,"column":16}},"41":{"start":{"line":73,"column":0},"end":{"line":110,"column":3}},"42":{"start":{"line":74,"column":2},"end":{"line":109,"column":3}},"43":{"start":{"line":75,"column":19},"end":{"line":75,"column":29}},"44":{"start":{"line":76,"column":20},"end":{"line":76,"column":28}},"45":{"start":{"line":79,"column":25},"end":{"line":79,"column":27}},"46":{"start":{"line":80,"column":4},"end":{"line":97,"column":7}},"47":{"start":{"line":82,"column":6},"end":{"line":84,"column":7}},"48":{"start":{"line":83,"column":8},"end":{"line":83,"column":15}},"49":{"start":{"line":86,"column":6},"end":{"line":96,"column":7}},"50":{"start":{"line":87,"column":20},"end":{"line":87,"column":32}},"51":{"start":{"line":90,"column":8},"end":{"line":93,"column":9}},"52":{"start":{"line":92,"column":10},"end":{"line":92,"column":55}},"53":{"start":{"line":95,"column":8},"end":{"line":95,"column":34}},"54":{"start":{"line":99,"column":21},"end":{"line":99,"column":93}},"55":{"start":{"line":100,"column":4},"end":{"line":102,"column":5}},"56":{"start":{"line":101,"column":6},"end":{"line":101,"column":66}},"57":{"start":{"line":103,"column":22},"end":{"line":103,"column":81}},"58":{"start":{"line":104,"column":4},"end":{"line":104,"column":20}},"59":{"start":{"line":106,"column":4},"end":{"line":106,"column":50}},"60":{"start":{"line":107,"column":4},"end":{"line":107,"column":40}},"61":{"start":{"line":108,"column":4},"end":{"line":108,"column":16}},"62":{"start":{"line":112,"column":0},"end":{"line":158,"column":3}},"63":{"start":{"line":113,"column":2},"end":{"line":157,"column":3}},"64":{"start":{"line":114,"column":19},"end":{"line":114,"column":29}},"65":{"start":{"line":117,"column":23},"end":{"line":117,"column":106}},"66":{"start":{"line":118,"column":25},"end":{"line":118,"column":48}},"67":{"start":{"line":120,"column":4},"end":{"line":126,"column":5}},"68":{"start":{"line":121,"column":6},"end":{"line":125,"column":9}},"69":{"start":{"line":129,"column":22},"end":{"line":129,"column":104}},"70":{"start":{"line":130,"column":24},"end":{"line":130,"column":46}},"71":{"start":{"line":133,"column":4},"end":{"line":135,"column":5}},"72":{"start":{"line":134,"column":4},"end":{"line":134,"column":69}},"73":{"start":{"line":138,"column":21},"end":{"line":138,"column":78}},"74":{"start":{"line":139,"column":4},"end":{"line":141,"column":5}},"75":{"start":{"line":140,"column":6},"end":{"line":140,"column":66}},"76":{"start":{"line":144,"column":4},"end":{"line":147,"column":7}},"77":{"start":{"line":150,"column":4},"end":{"line":155,"column":5}},"78":{"start":{"line":151,"column":6},"end":{"line":154,"column":9}},"79":{"start":{"line":156,"column":4},"end":{"line":156,"column":16}},"80":{"start":{"line":160,"column":0},"end":{"line":171,"column":3}},"81":{"start":{"line":161,"column":2},"end":{"line":170,"column":3}},"82":{"start":{"line":162,"column":19},"end":{"line":162,"column":29}},"83":{"start":{"line":163,"column":22},"end":{"line":166,"column":5}},"84":{"start":{"line":167,"column":4},"end":{"line":167,"column":22}},"85":{"start":{"line":169,"column":4},"end":{"line":169,"column":16}},"86":{"start":{"line":173,"column":0},"end":{"line":207,"column":3}},"87":{"start":{"line":174,"column":2},"end":{"line":206,"column":3}},"88":{"start":{"line":175,"column":19},"end":{"line":175,"column":29}},"89":{"start":{"line":176,"column":20},"end":{"line":176,"column":49}},"90":{"start":{"line":179,"column":25},"end":{"line":179,"column":27}},"91":{"start":{"line":180,"column":4},"end":{"line":197,"column":7}},"92":{"start":{"line":182,"column":6},"end":{"line":184,"column":7}},"93":{"start":{"line":183,"column":8},"end":{"line":183,"column":15}},"94":{"start":{"line":186,"column":6},"end":{"line":196,"column":7}},"95":{"start":{"line":187,"column":20},"end":{"line":187,"column":32}},"96":{"start":{"line":190,"column":8},"end":{"line":193,"column":9}},"97":{"start":{"line":192,"column":10},"end":{"line":192,"column":55}},"98":{"start":{"line":195,"column":8},"end":{"line":195,"column":34}},"99":{"start":{"line":199,"column":21},"end":{"line":199,"column":82}},"100":{"start":{"line":200,"column":23},"end":{"line":200,"column":96}},"101":{"start":{"line":201,"column":4},"end":{"line":201,"column":33}},"102":{"start":{"line":203,"column":4},"end":{"line":203,"column":52}},"103":{"start":{"line":204,"column":4},"end":{"line":204,"column":40}},"104":{"start":{"line":205,"column":4},"end":{"line":205,"column":16}},"105":{"start":{"line":209,"column":0},"end":{"line":250,"column":3}},"106":{"start":{"line":210,"column":2},"end":{"line":249,"column":3}},"107":{"start":{"line":211,"column":29},"end":{"line":211,"column":39}},"108":{"start":{"line":212,"column":20},"end":{"line":212,"column":49}},"109":{"start":{"line":215,"column":25},"end":{"line":215,"column":27}},"110":{"start":{"line":216,"column":4},"end":{"line":233,"column":7}},"111":{"start":{"line":218,"column":6},"end":{"line":220,"column":7}},"112":{"start":{"line":219,"column":8},"end":{"line":219,"column":15}},"113":{"start":{"line":222,"column":6},"end":{"line":232,"column":7}},"114":{"start":{"line":223,"column":20},"end":{"line":223,"column":32}},"115":{"start":{"line":226,"column":8},"end":{"line":229,"column":9}},"116":{"start":{"line":228,"column":10},"end":{"line":228,"column":55}},"117":{"start":{"line":231,"column":8},"end":{"line":231,"column":34}},"118":{"start":{"line":235,"column":21},"end":{"line":239,"column":6}},"119":{"start":{"line":240,"column":4},"end":{"line":242,"column":5}},"120":{"start":{"line":241,"column":6},"end":{"line":241,"column":67}},"121":{"start":{"line":243,"column":23},"end":{"line":243,"column":89}},"122":{"start":{"line":244,"column":4},"end":{"line":244,"column":21}},"123":{"start":{"line":246,"column":4},"end":{"line":246,"column":51}},"124":{"start":{"line":247,"column":4},"end":{"line":247,"column":40}},"125":{"start":{"line":248,"column":4},"end":{"line":248,"column":16}},"126":{"start":{"line":252,"column":0},"end":{"line":266,"column":3}},"127":{"start":{"line":253,"column":2},"end":{"line":265,"column":3}},"128":{"start":{"line":254,"column":29},"end":{"line":254,"column":39}},"129":{"start":{"line":255,"column":21},"end":{"line":258,"column":6}},"130":{"start":{"line":259,"column":4},"end":{"line":261,"column":5}},"131":{"start":{"line":260,"column":6},"end":{"line":260,"column":67}},"132":{"start":{"line":262,"column":4},"end":{"line":262,"column":27}},"133":{"start":{"line":264,"column":4},"end":{"line":264,"column":16}},"134":{"start":{"line":269,"column":0},"end":{"line":321,"column":3}},"135":{"start":{"line":270,"column":2},"end":{"line":320,"column":3}},"136":{"start":{"line":271,"column":19},"end":{"line":271,"column":29}},"137":{"start":{"line":274,"column":22},"end":{"line":274,"column":88}},"138":{"start":{"line":275,"column":4},"end":{"line":277,"column":5}},"139":{"start":{"line":276,"column":6},"end":{"line":276,"column":72}},"140":{"start":{"line":279,"column":25},"end":{"line":296,"column":5}},"141":{"start":{"line":298,"column":22},"end":{"line":298,"column":60}},"142":{"start":{"line":299,"column":21},"end":{"line":299,"column":42}},"143":{"start":{"line":300,"column":4},"end":{"line":300,"column":65}},"144":{"start":{"line":303,"column":4},"end":{"line":310,"column":6}},"145":{"start":{"line":312,"column":19},"end":{"line":312,"column":77}},"146":{"start":{"line":314,"column":4},"end":{"line":314,"column":103}},"147":{"start":{"line":315,"column":4},"end":{"line":315,"column":89}},"148":{"start":{"line":316,"column":4},"end":{"line":316,"column":21}},"149":{"start":{"line":318,"column":4},"end":{"line":318,"column":55}},"150":{"start":{"line":319,"column":4},"end":{"line":319,"column":66}},"151":{"start":{"line":324,"column":0},"end":{"line":494,"column":3}},"152":{"start":{"line":325,"column":2},"end":{"line":493,"column":3}},"153":{"start":{"line":326,"column":19},"end":{"line":326,"column":29}},"154":{"start":{"line":328,"column":4},"end":{"line":330,"column":5}},"155":{"start":{"line":329,"column":6},"end":{"line":329,"column":73}},"156":{"start":{"line":333,"column":22},"end":{"line":333,"column":88}},"157":{"start":{"line":334,"column":4},"end":{"line":337,"column":5}},"158":{"start":{"line":335,"column":6},"end":{"line":335,"column":35}},"159":{"start":{"line":336,"column":6},"end":{"line":336,"column":72}},"160":{"start":{"line":340,"column":21},"end":{"line":340,"column":49}},"161":{"start":{"line":341,"column":22},"end":{"line":341,"column":44}},"162":{"start":{"line":342,"column":22},"end":{"line":342,"column":48}},"163":{"start":{"line":343,"column":17},"end":{"line":343,"column":52}},"164":{"start":{"line":345,"column":4},"end":{"line":348,"column":5}},"165":{"start":{"line":346,"column":6},"end":{"line":346,"column":35}},"166":{"start":{"line":347,"column":6},"end":{"line":347,"column":76}},"167":{"start":{"line":351,"column":4},"end":{"line":351,"column":33}},"168":{"start":{"line":353,"column":20},"end":{"line":357,"column":5}},"169":{"start":{"line":360,"column":24},"end":{"line":368,"column":5}},"170":{"start":{"line":371,"column":23},"end":{"line":371,"column":32}},"171":{"start":{"line":374,"column":4},"end":{"line":481,"column":5}},"172":{"start":{"line":374,"column":17},"end":{"line":374,"column":18}},"173":{"start":{"line":375,"column":18},"end":{"line":375,"column":25}},"174":{"start":{"line":376,"column":21},"end":{"line":376,"column":26}},"175":{"start":{"line":378,"column":6},"end":{"line":480,"column":7}},"176":{"start":{"line":380,"column":21},"end":{"line":380,"column":59}},"177":{"start":{"line":381,"column":21},"end":{"line":381,"column":60}},"178":{"start":{"line":382,"column":23},"end":{"line":382,"column":59}},"179":{"start":{"line":383,"column":25},"end":{"line":383,"column":53}},"180":{"start":{"line":384,"column":24},"end":{"line":384,"column":53}},"181":{"start":{"line":385,"column":28},"end":{"line":385,"column":61}},"182":{"start":{"line":388,"column":8},"end":{"line":392,"column":9}},"183":{"start":{"line":389,"column":10},"end":{"line":389,"column":66}},"184":{"start":{"line":390,"column":10},"end":{"line":390,"column":27}},"185":{"start":{"line":391,"column":10},"end":{"line":391,"column":19}},"186":{"start":{"line":394,"column":8},"end":{"line":398,"column":9}},"187":{"start":{"line":395,"column":10},"end":{"line":395,"column":67}},"188":{"start":{"line":396,"column":10},"end":{"line":396,"column":27}},"189":{"start":{"line":397,"column":10},"end":{"line":397,"column":19}},"190":{"start":{"line":401,"column":35},"end":{"line":401,"column":50}},"191":{"start":{"line":402,"column":29},"end":{"line":402,"column":33}},"192":{"start":{"line":405,"column":8},"end":{"line":421,"column":9}},"193":{"start":{"line":406,"column":10},"end":{"line":406,"column":59}},"194":{"start":{"line":409,"column":32},"end":{"line":409,"column":64}},"195":{"start":{"line":410,"column":27},"end":{"line":410,"column":100}},"196":{"start":{"line":410,"column":64},"end":{"line":410,"column":99}},"197":{"start":{"line":411,"column":10},"end":{"line":420,"column":11}},"198":{"start":{"line":412,"column":12},"end":{"line":412,"column":51}},"199":{"start":{"line":416,"column":36},"end":{"line":416,"column":142}},"200":{"start":{"line":417,"column":12},"end":{"line":419,"column":13}},"201":{"start":{"line":418,"column":14},"end":{"line":418,"column":50}},"202":{"start":{"line":424,"column":32},"end":{"line":424,"column":138}},"203":{"start":{"line":425,"column":8},"end":{"line":430,"column":9}},"204":{"start":{"line":426,"column":35},"end":{"line":426,"column":72}},"205":{"start":{"line":427,"column":10},"end":{"line":427,"column":199}},"206":{"start":{"line":428,"column":10},"end":{"line":428,"column":27}},"207":{"start":{"line":429,"column":10},"end":{"line":429,"column":19}},"208":{"start":{"line":432,"column":8},"end":{"line":432,"column":34}},"209":{"start":{"line":435,"column":8},"end":{"line":439,"column":9}},"210":{"start":{"line":436,"column":10},"end":{"line":436,"column":79}},"211":{"start":{"line":437,"column":10},"end":{"line":437,"column":27}},"212":{"start":{"line":438,"column":10},"end":{"line":438,"column":19}},"213":{"start":{"line":442,"column":8},"end":{"line":446,"column":9}},"214":{"start":{"line":443,"column":10},"end":{"line":443,"column":80}},"215":{"start":{"line":444,"column":10},"end":{"line":444,"column":27}},"216":{"start":{"line":445,"column":10},"end":{"line":445,"column":19}},"217":{"start":{"line":449,"column":23},"end":{"line":449,"column":40}},"218":{"start":{"line":450,"column":8},"end":{"line":454,"column":9}},"219":{"start":{"line":451,"column":10},"end":{"line":451,"column":113}},"220":{"start":{"line":452,"column":10},"end":{"line":452,"column":27}},"221":{"start":{"line":453,"column":10},"end":{"line":453,"column":19}},"222":{"start":{"line":455,"column":8},"end":{"line":455,"column":31}},"223":{"start":{"line":458,"column":27},"end":{"line":461,"column":9}},"224":{"start":{"line":463,"column":8},"end":{"line":467,"column":9}},"225":{"start":{"line":464,"column":10},"end":{"line":464,"column":101}},"226":{"start":{"line":465,"column":10},"end":{"line":465,"column":27}},"227":{"start":{"line":466,"column":10},"end":{"line":466,"column":19}},"228":{"start":{"line":470,"column":8},"end":{"line":473,"column":10}},"229":{"start":{"line":475,"column":8},"end":{"line":475,"column":26}},"230":{"start":{"line":477,"column":8},"end":{"line":477,"column":64}},"231":{"start":{"line":478,"column":8},"end":{"line":478,"column":88}},"232":{"start":{"line":479,"column":8},"end":{"line":479,"column":25}},"233":{"start":{"line":483,"column":4},"end":{"line":486,"column":7}},"234":{"start":{"line":488,"column":4},"end":{"line":488,"column":53}},"235":{"start":{"line":489,"column":4},"end":{"line":491,"column":5}},"236":{"start":{"line":490,"column":6},"end":{"line":490,"column":35}},"237":{"start":{"line":492,"column":4},"end":{"line":492,"column":71}},"238":{"start":{"line":496,"column":0},"end":{"line":496,"column":24}}},"fnMap":{"0":{"name":"(anonymous_0)","decl":{"start":{"line":11,"column":16},"end":{"line":11,"column":17}},"loc":{"start":{"line":11,"column":42},"end":{"line":18,"column":1}},"line":11},"1":{"name":"(anonymous_1)","decl":{"start":{"line":20,"column":19},"end":{"line":20,"column":20}},"loc":{"start":{"line":20,"column":45},"end":{"line":36,"column":1}},"line":20},"2":{"name":"(anonymous_2)","decl":{"start":{"line":38,"column":40},"end":{"line":38,"column":41}},"loc":{"start":{"line":38,"column":66},"end":{"line":71,"column":1}},"line":38},"3":{"name":"(anonymous_3)","decl":{"start":{"line":44,"column":33},"end":{"line":44,"column":34}},"loc":{"start":{"line":44,"column":42},"end":{"line":61,"column":5}},"line":44},"4":{"name":"(anonymous_4)","decl":{"start":{"line":73,"column":42},"end":{"line":73,"column":43}},"loc":{"start":{"line":73,"column":68},"end":{"line":110,"column":1}},"line":73},"5":{"name":"(anonymous_5)","decl":{"start":{"line":80,"column":33},"end":{"line":80,"column":34}},"loc":{"start":{"line":80,"column":42},"end":{"line":97,"column":5}},"line":80},"6":{"name":"(anonymous_6)","decl":{"start":{"line":112,"column":45},"end":{"line":112,"column":46}},"loc":{"start":{"line":112,"column":71},"end":{"line":158,"column":1}},"line":112},"7":{"name":"(anonymous_7)","decl":{"start":{"line":160,"column":27},"end":{"line":160,"column":28}},"loc":{"start":{"line":160,"column":53},"end":{"line":171,"column":1}},"line":160},"8":{"name":"(anonymous_8)","decl":{"start":{"line":173,"column":51},"end":{"line":173,"column":52}},"loc":{"start":{"line":173,"column":77},"end":{"line":207,"column":1}},"line":173},"9":{"name":"(anonymous_9)","decl":{"start":{"line":180,"column":33},"end":{"line":180,"column":34}},"loc":{"start":{"line":180,"column":42},"end":{"line":197,"column":5}},"line":180},"10":{"name":"(anonymous_10)","decl":{"start":{"line":209,"column":60},"end":{"line":209,"column":61}},"loc":{"start":{"line":209,"column":86},"end":{"line":250,"column":1}},"line":209},"11":{"name":"(anonymous_11)","decl":{"start":{"line":216,"column":33},"end":{"line":216,"column":34}},"loc":{"start":{"line":216,"column":42},"end":{"line":233,"column":5}},"line":216},"12":{"name":"(anonymous_12)","decl":{"start":{"line":252,"column":63},"end":{"line":252,"column":64}},"loc":{"start":{"line":252,"column":89},"end":{"line":266,"column":1}},"line":252},"13":{"name":"(anonymous_13)","decl":{"start":{"line":269,"column":59},"end":{"line":269,"column":60}},"loc":{"start":{"line":269,"column":79},"end":{"line":321,"column":1}},"line":269},"14":{"name":"(anonymous_14)","decl":{"start":{"line":324,"column":86},"end":{"line":324,"column":87}},"loc":{"start":{"line":324,"column":106},"end":{"line":494,"column":1}},"line":324},"15":{"name":"(anonymous_15)","decl":{"start":{"line":410,"column":57},"end":{"line":410,"column":58}},"loc":{"start":{"line":410,"column":64},"end":{"line":410,"column":99}},"line":410}},"branchMap":{"0":{"loc":{"start":{"line":24,"column":4},"end":{"line":26,"column":5}},"type":"if","locations":[{"start":{"line":24,"column":4},"end":{"line":26,"column":5}},{"start":{},"end":{}}],"line":24},"1":{"loc":{"start":{"line":46,"column":6},"end":{"line":48,"column":7}},"type":"if","locations":[{"start":{"line":46,"column":6},"end":{"line":48,"column":7}},{"start":{},"end":{}}],"line":46},"2":{"loc":{"start":{"line":46,"column":10},"end":{"line":46,"column":54}},"type":"binary-expr","locations":[{"start":{"line":46,"column":10},"end":{"line":46,"column":30}},{"start":{"line":46,"column":34},"end":{"line":46,"column":54}}],"line":46},"3":{"loc":{"start":{"line":50,"column":6},"end":{"line":60,"column":7}},"type":"if","locations":[{"start":{"line":50,"column":6},"end":{"line":60,"column":7}},{"start":{},"end":{}}],"line":50},"4":{"loc":{"start":{"line":50,"column":10},"end":{"line":50,"column":84}},"type":"binary-expr","locations":[{"start":{"line":50,"column":10},"end":{"line":50,"column":36}},{"start":{"line":50,"column":40},"end":{"line":50,"column":61}},{"start":{"line":50,"column":65},"end":{"line":50,"column":84}}],"line":50},"5":{"loc":{"start":{"line":54,"column":8},"end":{"line":57,"column":9}},"type":"if","locations":[{"start":{"line":54,"column":8},"end":{"line":57,"column":9}},{"start":{},"end":{}}],"line":54},"6":{"loc":{"start":{"line":54,"column":12},"end":{"line":54,"column":83}},"type":"binary-expr","locations":[{"start":{"line":54,"column":12},"end":{"line":54,"column":37}},{"start":{"line":54,"column":41},"end":{"line":54,"column":60}},{"start":{"line":54,"column":64},"end":{"line":54,"column":83}}],"line":54},"7":{"loc":{"start":{"line":82,"column":6},"end":{"line":84,"column":7}},"type":"if","locations":[{"start":{"line":82,"column":6},"end":{"line":84,"column":7}},{"start":{},"end":{}}],"line":82},"8":{"loc":{"start":{"line":82,"column":10},"end":{"line":82,"column":54}},"type":"binary-expr","locations":[{"start":{"line":82,"column":10},"end":{"line":82,"column":30}},{"start":{"line":82,"column":34},"end":{"line":82,"column":54}}],"line":82},"9":{"loc":{"start":{"line":86,"column":6},"end":{"line":96,"column":7}},"type":"if","locations":[{"start":{"line":86,"column":6},"end":{"line":96,"column":7}},{"start":{},"end":{}}],"line":86},"10":{"loc":{"start":{"line":86,"column":10},"end":{"line":86,"column":84}},"type":"binary-expr","locations":[{"start":{"line":86,"column":10},"end":{"line":86,"column":36}},{"start":{"line":86,"column":40},"end":{"line":86,"column":61}},{"start":{"line":86,"column":65},"end":{"line":86,"column":84}}],"line":86},"11":{"loc":{"start":{"line":90,"column":8},"end":{"line":93,"column":9}},"type":"if","locations":[{"start":{"line":90,"column":8},"end":{"line":93,"column":9}},{"start":{},"end":{}}],"line":90},"12":{"loc":{"start":{"line":90,"column":12},"end":{"line":90,"column":83}},"type":"binary-expr","locations":[{"start":{"line":90,"column":12},"end":{"line":90,"column":37}},{"start":{"line":90,"column":41},"end":{"line":90,"column":60}},{"start":{"line":90,"column":64},"end":{"line":90,"column":83}}],"line":90},"13":{"loc":{"start":{"line":100,"column":4},"end":{"line":102,"column":5}},"type":"if","locations":[{"start":{"line":100,"column":4},"end":{"line":102,"column":5}},{"start":{},"end":{}}],"line":100},"14":{"loc":{"start":{"line":118,"column":25},"end":{"line":118,"column":48}},"type":"binary-expr","locations":[{"start":{"line":118,"column":25},"end":{"line":118,"column":43}},{"start":{"line":118,"column":47},"end":{"line":118,"column":48}}],"line":118},"15":{"loc":{"start":{"line":120,"column":4},"end":{"line":126,"column":5}},"type":"if","locations":[{"start":{"line":120,"column":4},"end":{"line":126,"column":5}},{"start":{},"end":{}}],"line":120},"16":{"loc":{"start":{"line":130,"column":24},"end":{"line":130,"column":46}},"type":"binary-expr","locations":[{"start":{"line":130,"column":24},"end":{"line":130,"column":41}},{"start":{"line":130,"column":45},"end":{"line":130,"column":46}}],"line":130},"17":{"loc":{"start":{"line":133,"column":4},"end":{"line":135,"column":5}},"type":"if","locations":[{"start":{"line":133,"column":4},"end":{"line":135,"column":5}},{"start":{},"end":{}}],"line":133},"18":{"loc":{"start":{"line":139,"column":4},"end":{"line":141,"column":5}},"type":"if","locations":[{"start":{"line":139,"column":4},"end":{"line":141,"column":5}},{"start":{},"end":{}}],"line":139},"19":{"loc":{"start":{"line":150,"column":4},"end":{"line":155,"column":5}},"type":"if","locations":[{"start":{"line":150,"column":4},"end":{"line":155,"column":5}},{"start":{},"end":{}}],"line":150},"20":{"loc":{"start":{"line":150,"column":8},"end":{"line":150,"column":73}},"type":"binary-expr","locations":[{"start":{"line":150,"column":8},"end":{"line":150,"column":47}},{"start":{"line":150,"column":51},"end":{"line":150,"column":73}}],"line":150},"21":{"loc":{"start":{"line":182,"column":6},"end":{"line":184,"column":7}},"type":"if","locations":[{"start":{"line":182,"column":6},"end":{"line":184,"column":7}},{"start":{},"end":{}}],"line":182},"22":{"loc":{"start":{"line":182,"column":10},"end":{"line":182,"column":54}},"type":"binary-expr","locations":[{"start":{"line":182,"column":10},"end":{"line":182,"column":30}},{"start":{"line":182,"column":34},"end":{"line":182,"column":54}}],"line":182},"23":{"loc":{"start":{"line":186,"column":6},"end":{"line":196,"column":7}},"type":"if","locations":[{"start":{"line":186,"column":6},"end":{"line":196,"column":7}},{"start":{},"end":{}}],"line":186},"24":{"loc":{"start":{"line":186,"column":10},"end":{"line":186,"column":84}},"type":"binary-expr","locations":[{"start":{"line":186,"column":10},"end":{"line":186,"column":36}},{"start":{"line":186,"column":40},"end":{"line":186,"column":61}},{"start":{"line":186,"column":65},"end":{"line":186,"column":84}}],"line":186},"25":{"loc":{"start":{"line":190,"column":8},"end":{"line":193,"column":9}},"type":"if","locations":[{"start":{"line":190,"column":8},"end":{"line":193,"column":9}},{"start":{},"end":{}}],"line":190},"26":{"loc":{"start":{"line":190,"column":12},"end":{"line":190,"column":83}},"type":"binary-expr","locations":[{"start":{"line":190,"column":12},"end":{"line":190,"column":37}},{"start":{"line":190,"column":41},"end":{"line":190,"column":60}},{"start":{"line":190,"column":64},"end":{"line":190,"column":83}}],"line":190},"27":{"loc":{"start":{"line":218,"column":6},"end":{"line":220,"column":7}},"type":"if","locations":[{"start":{"line":218,"column":6},"end":{"line":220,"column":7}},{"start":{},"end":{}}],"line":218},"28":{"loc":{"start":{"line":218,"column":10},"end":{"line":218,"column":54}},"type":"binary-expr","locations":[{"start":{"line":218,"column":10},"end":{"line":218,"column":30}},{"start":{"line":218,"column":34},"end":{"line":218,"column":54}}],"line":218},"29":{"loc":{"start":{"line":222,"column":6},"end":{"line":232,"column":7}},"type":"if","locations":[{"start":{"line":222,"column":6},"end":{"line":232,"column":7}},{"start":{},"end":{}}],"line":222},"30":{"loc":{"start":{"line":222,"column":10},"end":{"line":222,"column":84}},"type":"binary-expr","locations":[{"start":{"line":222,"column":10},"end":{"line":222,"column":36}},{"start":{"line":222,"column":40},"end":{"line":222,"column":61}},{"start":{"line":222,"column":65},"end":{"line":222,"column":84}}],"line":222},"31":{"loc":{"start":{"line":226,"column":8},"end":{"line":229,"column":9}},"type":"if","locations":[{"start":{"line":226,"column":8},"end":{"line":229,"column":9}},{"start":{},"end":{}}],"line":226},"32":{"loc":{"start":{"line":226,"column":12},"end":{"line":226,"column":83}},"type":"binary-expr","locations":[{"start":{"line":226,"column":12},"end":{"line":226,"column":37}},{"start":{"line":226,"column":41},"end":{"line":226,"column":60}},{"start":{"line":226,"column":64},"end":{"line":226,"column":83}}],"line":226},"33":{"loc":{"start":{"line":240,"column":4},"end":{"line":242,"column":5}},"type":"if","locations":[{"start":{"line":240,"column":4},"end":{"line":242,"column":5}},{"start":{},"end":{}}],"line":240},"34":{"loc":{"start":{"line":259,"column":4},"end":{"line":261,"column":5}},"type":"if","locations":[{"start":{"line":259,"column":4},"end":{"line":261,"column":5}},{"start":{},"end":{}}],"line":259},"35":{"loc":{"start":{"line":275,"column":4},"end":{"line":277,"column":5}},"type":"if","locations":[{"start":{"line":275,"column":4},"end":{"line":277,"column":5}},{"start":{},"end":{}}],"line":275},"36":{"loc":{"start":{"line":328,"column":4},"end":{"line":330,"column":5}},"type":"if","locations":[{"start":{"line":328,"column":4},"end":{"line":330,"column":5}},{"start":{},"end":{}}],"line":328},"37":{"loc":{"start":{"line":334,"column":4},"end":{"line":337,"column":5}},"type":"if","locations":[{"start":{"line":334,"column":4},"end":{"line":337,"column":5}},{"start":{},"end":{}}],"line":334},"38":{"loc":{"start":{"line":345,"column":4},"end":{"line":348,"column":5}},"type":"if","locations":[{"start":{"line":345,"column":4},"end":{"line":348,"column":5}},{"start":{},"end":{}}],"line":345},"39":{"loc":{"start":{"line":380,"column":28},"end":{"line":380,"column":51}},"type":"binary-expr","locations":[{"start":{"line":380,"column":28},"end":{"line":380,"column":45}},{"start":{"line":380,"column":49},"end":{"line":380,"column":51}}],"line":380},"40":{"loc":{"start":{"line":381,"column":28},"end":{"line":381,"column":52}},"type":"binary-expr","locations":[{"start":{"line":381,"column":28},"end":{"line":381,"column":46}},{"start":{"line":381,"column":50},"end":{"line":381,"column":52}}],"line":381},"41":{"loc":{"start":{"line":382,"column":30},"end":{"line":382,"column":51}},"type":"binary-expr","locations":[{"start":{"line":382,"column":30},"end":{"line":382,"column":45}},{"start":{"line":382,"column":49},"end":{"line":382,"column":51}}],"line":382},"42":{"loc":{"start":{"line":383,"column":34},"end":{"line":383,"column":52}},"type":"binary-expr","locations":[{"start":{"line":383,"column":34},"end":{"line":383,"column":47}},{"start":{"line":383,"column":51},"end":{"line":383,"column":52}}],"line":383},"43":{"loc":{"start":{"line":384,"column":33},"end":{"line":384,"column":52}},"type":"binary-expr","locations":[{"start":{"line":384,"column":33},"end":{"line":384,"column":47}},{"start":{"line":384,"column":51},"end":{"line":384,"column":52}}],"line":384},"44":{"loc":{"start":{"line":385,"column":35},"end":{"line":385,"column":53}},"type":"binary-expr","locations":[{"start":{"line":385,"column":35},"end":{"line":385,"column":47}},{"start":{"line":385,"column":51},"end":{"line":385,"column":53}}],"line":385},"45":{"loc":{"start":{"line":388,"column":8},"end":{"line":392,"column":9}},"type":"if","locations":[{"start":{"line":388,"column":8},"end":{"line":392,"column":9}},{"start":{},"end":{}}],"line":388},"46":{"loc":{"start":{"line":394,"column":8},"end":{"line":398,"column":9}},"type":"if","locations":[{"start":{"line":394,"column":8},"end":{"line":398,"column":9}},{"start":{},"end":{}}],"line":394},"47":{"loc":{"start":{"line":405,"column":8},"end":{"line":421,"column":9}},"type":"if","locations":[{"start":{"line":405,"column":8},"end":{"line":421,"column":9}},{"start":{"line":407,"column":15},"end":{"line":421,"column":9}}],"line":405},"48":{"loc":{"start":{"line":411,"column":10},"end":{"line":420,"column":11}},"type":"if","locations":[{"start":{"line":411,"column":10},"end":{"line":420,"column":11}},{"start":{"line":413,"column":17},"end":{"line":420,"column":11}}],"line":411},"49":{"loc":{"start":{"line":417,"column":12},"end":{"line":419,"column":13}},"type":"if","locations":[{"start":{"line":417,"column":12},"end":{"line":419,"column":13}},{"start":{},"end":{}}],"line":417},"50":{"loc":{"start":{"line":425,"column":8},"end":{"line":430,"column":9}},"type":"if","locations":[{"start":{"line":425,"column":8},"end":{"line":430,"column":9}},{"start":{},"end":{}}],"line":425},"51":{"loc":{"start":{"line":425,"column":12},"end":{"line":425,"column":72}},"type":"binary-expr","locations":[{"start":{"line":425,"column":12},"end":{"line":425,"column":27}},{"start":{"line":425,"column":31},"end":{"line":425,"column":72}}],"line":425},"52":{"loc":{"start":{"line":426,"column":35},"end":{"line":426,"column":72}},"type":"binary-expr","locations":[{"start":{"line":426,"column":35},"end":{"line":426,"column":50}},{"start":{"line":426,"column":54},"end":{"line":426,"column":72}}],"line":426},"53":{"loc":{"start":{"line":435,"column":8},"end":{"line":439,"column":9}},"type":"if","locations":[{"start":{"line":435,"column":8},"end":{"line":439,"column":9}},{"start":{},"end":{}}],"line":435},"54":{"loc":{"start":{"line":435,"column":12},"end":{"line":435,"column":60}},"type":"binary-expr","locations":[{"start":{"line":435,"column":12},"end":{"line":435,"column":27}},{"start":{"line":435,"column":31},"end":{"line":435,"column":43}},{"start":{"line":435,"column":47},"end":{"line":435,"column":60}}],"line":435},"55":{"loc":{"start":{"line":442,"column":8},"end":{"line":446,"column":9}},"type":"if","locations":[{"start":{"line":442,"column":8},"end":{"line":446,"column":9}},{"start":{},"end":{}}],"line":442},"56":{"loc":{"start":{"line":442,"column":12},"end":{"line":442,"column":57}},"type":"binary-expr","locations":[{"start":{"line":442,"column":12},"end":{"line":442,"column":26}},{"start":{"line":442,"column":30},"end":{"line":442,"column":41}},{"start":{"line":442,"column":45},"end":{"line":442,"column":57}}],"line":442},"57":{"loc":{"start":{"line":450,"column":8},"end":{"line":454,"column":9}},"type":"if","locations":[{"start":{"line":450,"column":8},"end":{"line":454,"column":9}},{"start":{},"end":{}}],"line":450},"58":{"loc":{"start":{"line":463,"column":8},"end":{"line":467,"column":9}},"type":"if","locations":[{"start":{"line":463,"column":8},"end":{"line":467,"column":9}},{"start":{},"end":{}}],"line":463},"59":{"loc":{"start":{"line":472,"column":56},"end":{"line":472,"column":75}},"type":"binary-expr","locations":[{"start":{"line":472,"column":56},"end":{"line":472,"column":67}},{"start":{"line":472,"column":71},"end":{"line":472,"column":75}}],"line":472},"60":{"loc":{"start":{"line":478,"column":47},"end":{"line":478,"column":84}},"type":"binary-expr","locations":[{"start":{"line":478,"column":47},"end":{"line":478,"column":60}},{"start":{"line":478,"column":64},"end":{"line":478,"column":84}}],"line":478},"61":{"loc":{"start":{"line":489,"column":4},"end":{"line":491,"column":5}},"type":"if","locations":[{"start":{"line":489,"column":4},"end":{"line":491,"column":5}},{"start":{},"end":{}}],"line":489},"62":{"loc":{"start":{"line":489,"column":8},"end":{"line":489,"column":48}},"type":"binary-expr","locations":[{"start":{"line":489,"column":8},"end":{"line":489,"column":16}},{"start":{"line":489,"column":20},"end":{"line":489,"column":48}}],"line":489}},"s":{"0":1,"1":1,"2":1,"3":1,"4":1,"5":1,"6":1,"7":1,"8":1,"9":0,"10":0,"11":0,"12":0,"13":1,"14":0,"15":0,"16":0,"17":0,"18":0,"19":0,"20":0,"21":0,"22":0,"23":1,"24":2,"25":2,"26":2,"27":2,"28":3,"29":0,"30":3,"31":3,"32":3,"33":0,"34":3,"35":2,"36":1,"37":1,"38":1,"39":1,"40":1,"41":1,"42":0,"43":0,"44":0,"45":0,"46":0,"47":0,"48":0,"49":0,"50":0,"51":0,"52":0,"53":0,"54":0,"55":0,"56":0,"57":0,"58":0,"59":0,"60":0,"61":0,"62":1,"63":0,"64":0,"65":0,"66":0,"67":0,"68":0,"69":0,"70":0,"71":0,"72":0,"73":0,"74":0,"75":0,"76":0,"77":0,"78":0,"79":0,"80":1,"81":0,"82":0,"83":0,"84":0,"85":0,"86":1,"87":2,"88":2,"89":2,"90":2,"91":2,"92":8,"93":0,"94":8,"95":8,"96":8,"97":0,"98":8,"99":2,"100":1,"101":1,"102":1,"103":1,"104":1,"105":1,"106":0,"107":0,"108":0,"109":0,"110":0,"111":0,"112":0,"113":0,"114":0,"115":0,"116":0,"117":0,"118":0,"119":0,"120":0,"121":0,"122":0,"123":0,"124":0,"125":0,"126":1,"127":0,"128":0,"129":0,"130":0,"131":0,"132":0,"133":0,"134":1,"135":0,"136":0,"137":0,"138":0,"139":0,"140":0,"141":0,"142":0,"143":0,"144":0,"145":0,"146":0,"147":0,"148":0,"149":0,"150":0,"151":1,"152":0,"153":0,"154":0,"155":0,"156":0,"157":0,"158":0,"159":0,"160":0,"161":0,"162":0,"163":0,"164":0,"165":0,"166":0,"167":0,"168":0,"169":0,"170":0,"171":0,"172":0,"173":0,"174":0,"175":0,"176":0,"177":0,"178":0,"179":0,"180":0,"181":0,"182":0,"183":0,"184":0,"185":0,"186":0,"187":0,"188":0,"189":0,"190":0,"191":0,"192":0,"193":0,"194":0,"195":0,"196":0,"197":0,"198":0,"199":0,"200":0,"201":0,"202":0,"203":0,"204":0,"205":0,"206":0,"207":0,"208":0,"209":0,"210":0,"211":0,"212":0,"213":0,"214":0,"215":0,"216":0,"217":0,"218":0,"219":0,"220":0,"221":0,"222":0,"223":0,"224":0,"225":0,"226":0,"227":0,"228":0,"229":0,"230":0,"231":0,"232":0,"233":0,"234":0,"235":0,"236":0,"237":0,"238":1},"f":{"0":0,"1":0,"2":2,"3":3,"4":0,"5":0,"6":0,"7":0,"8":2,"9":8,"10":0,"11":0,"12":0,"13":0,"14":0,"15":0},"b":{"0":[0,0],"1":[0,3],"2":[3,3],"3":[3,0],"4":[3,3,3],"5":[0,3],"6":[3,1,1],"7":[0,0],"8":[0,0],"9":[0,0],"10":[0,0,0],"11":[0,0],"12":[0,0,0],"13":[0,0],"14":[0,0],"15":[0,0],"16":[0,0],"17":[0,0],"18":[0,0],"19":[0,0],"20":[0,0],"21":[0,8],"22":[8,8],"23":[8,0],"24":[8,8,8],"25":[0,8],"26":[8,5,2],"27":[0,0],"28":[0,0],"29":[0,0],"30":[0,0,0],"31":[0,0],"32":[0,0,0],"33":[0,0],"34":[0,0],"35":[0,0],"36":[0,0],"37":[0,0],"38":[0,0],"39":[0,0],"40":[0,0],"41":[0,0],"42":[0,0],"43":[0,0],"44":[0,0],"45":[0,0],"46":[0,0],"47":[0,0],"48":[0,0],"49":[0,0],"50":[0,0],"51":[0,0],"52":[0,0],"53":[0,0],"54":[0,0,0],"55":[0,0],"56":[0,0,0],"57":[0,0],"58":[0,0],"59":[0,0],"60":[0,0],"61":[0,0],"62":[0,0]},"_coverageSchema":"1a1c01bbd47fc00a2c39e90264f33305004495a9","hash":"7e38a1ec592d21b389756ace8c439243228c7398"}
,"D:\\project\\ptit\\sqa\\information_portal\\server\\src\\utils\\crudFactory.js": {"path":"D:\\project\\ptit\\sqa\\information_portal\\server\\src\\utils\\crudFactory.js","statementMap":{"0":{"start":{"line":1,"column":16},"end":{"line":1,"column":34}},"1":{"start":{"line":2,"column":13},"end":{"line":2,"column":36}},"2":{"start":{"line":4,"column":24},"end":{"line":353,"column":1}},"3":{"start":{"line":14,"column":17},"end":{"line":14,"column":33}},"4":{"start":{"line":16,"column":27},"end":{"line":43,"column":3}},"5":{"start":{"line":17,"column":4},"end":{"line":17,"column":73}},"6":{"start":{"line":17,"column":61},"end":{"line":17,"column":73}},"7":{"start":{"line":19,"column":4},"end":{"line":42,"column":7}},"8":{"start":{"line":20,"column":24},"end":{"line":20,"column":34}},"9":{"start":{"line":21,"column":6},"end":{"line":40,"column":9}},"10":{"start":{"line":22,"column":8},"end":{"line":39,"column":9}},"11":{"start":{"line":24,"column":10},"end":{"line":26,"column":11}},"12":{"start":{"line":25,"column":12},"end":{"line":25,"column":19}},"13":{"start":{"line":30,"column":10},"end":{"line":38,"column":11}},"14":{"start":{"line":31,"column":12},"end":{"line":37,"column":13}},"15":{"start":{"line":33,"column":14},"end":{"line":33,"column":64}},"16":{"start":{"line":34,"column":19},"end":{"line":37,"column":13}},"17":{"start":{"line":36,"column":14},"end":{"line":36,"column":64}},"18":{"start":{"line":41,"column":6},"end":{"line":41,"column":23}},"19":{"start":{"line":45,"column":2},"end":{"line":124,"column":5}},"20":{"start":{"line":46,"column":4},"end":{"line":123,"column":5}},"21":{"start":{"line":47,"column":45},"end":{"line":47,"column":54}},"22":{"start":{"line":52,"column":6},"end":{"line":68,"column":7}},"23":{"start":{"line":55,"column":26},"end":{"line":55,"column":76}},"24":{"start":{"line":56,"column":28},"end":{"line":56,"column":57}},"25":{"start":{"line":56,"column":47},"end":{"line":56,"column":56}},"26":{"start":{"line":59,"column":28},"end":{"line":64,"column":10}},"27":{"start":{"line":60,"column":10},"end":{"line":62,"column":11}},"28":{"start":{"line":61,"column":12},"end":{"line":61,"column":63}},"29":{"start":{"line":63,"column":10},"end":{"line":63,"column":21}},"30":{"start":{"line":65,"column":8},"end":{"line":65,"column":67}},"31":{"start":{"line":67,"column":8},"end":{"line":67,"column":43}},"32":{"start":{"line":69,"column":21},"end":{"line":69,"column":23}},"33":{"start":{"line":72,"column":6},"end":{"line":76,"column":7}},"34":{"start":{"line":73,"column":27},"end":{"line":73,"column":90}},"35":{"start":{"line":73,"column":59},"end":{"line":73,"column":76}},"36":{"start":{"line":74,"column":8},"end":{"line":74,"column":38}},"37":{"start":{"line":75,"column":8},"end":{"line":75,"column":62}},"38":{"start":{"line":75,"column":39},"end":{"line":75,"column":60}},"39":{"start":{"line":79,"column":20},"end":{"line":79,"column":60}},"40":{"start":{"line":80,"column":21},"end":{"line":80,"column":72}},"41":{"start":{"line":82,"column":6},"end":{"line":82,"column":40}},"42":{"start":{"line":84,"column":6},"end":{"line":91,"column":7}},"43":{"start":{"line":85,"column":8},"end":{"line":85,"column":26}},"44":{"start":{"line":86,"column":8},"end":{"line":86,"column":27}},"45":{"start":{"line":87,"column":8},"end":{"line":90,"column":9}},"46":{"start":{"line":88,"column":10},"end":{"line":88,"column":29}},"47":{"start":{"line":89,"column":10},"end":{"line":89,"column":30}},"48":{"start":{"line":93,"column":21},"end":{"line":93,"column":50}},"49":{"start":{"line":95,"column":28},"end":{"line":95,"column":81}},"50":{"start":{"line":98,"column":6},"end":{"line":118,"column":7}},"51":{"start":{"line":99,"column":23},"end":{"line":99,"column":67}},"52":{"start":{"line":100,"column":28},"end":{"line":100,"column":30}},"53":{"start":{"line":101,"column":8},"end":{"line":105,"column":9}},"54":{"start":{"line":102,"column":29},"end":{"line":102,"column":92}},"55":{"start":{"line":102,"column":61},"end":{"line":102,"column":78}},"56":{"start":{"line":103,"column":10},"end":{"line":103,"column":45}},"57":{"start":{"line":104,"column":10},"end":{"line":104,"column":69}},"58":{"start":{"line":104,"column":41},"end":{"line":104,"column":67}},"59":{"start":{"line":106,"column":30},"end":{"line":106,"column":69}},"60":{"start":{"line":107,"column":22},"end":{"line":107,"column":42}},"61":{"start":{"line":109,"column":8},"end":{"line":117,"column":11}},"62":{"start":{"line":120,"column":6},"end":{"line":120,"column":30}},"63":{"start":{"line":122,"column":6},"end":{"line":122,"column":18}},"64":{"start":{"line":126,"column":2},"end":{"line":153,"column":5}},"65":{"start":{"line":127,"column":4},"end":{"line":152,"column":5}},"66":{"start":{"line":128,"column":17},"end":{"line":128,"column":36}},"67":{"start":{"line":131,"column":6},"end":{"line":143,"column":7}},"68":{"start":{"line":132,"column":26},"end":{"line":132,"column":76}},"69":{"start":{"line":133,"column":28},"end":{"line":133,"column":57}},"70":{"start":{"line":133,"column":47},"end":{"line":133,"column":56}},"71":{"start":{"line":134,"column":28},"end":{"line":139,"column":10}},"72":{"start":{"line":135,"column":10},"end":{"line":137,"column":11}},"73":{"start":{"line":136,"column":12},"end":{"line":136,"column":63}},"74":{"start":{"line":138,"column":10},"end":{"line":138,"column":21}},"75":{"start":{"line":140,"column":8},"end":{"line":140,"column":88}},"76":{"start":{"line":142,"column":8},"end":{"line":142,"column":64}},"77":{"start":{"line":144,"column":21},"end":{"line":144,"column":48}},"78":{"start":{"line":145,"column":6},"end":{"line":147,"column":7}},"79":{"start":{"line":146,"column":8},"end":{"line":146,"column":75}},"80":{"start":{"line":149,"column":6},"end":{"line":149,"column":24}},"81":{"start":{"line":151,"column":6},"end":{"line":151,"column":18}},"82":{"start":{"line":155,"column":18},"end":{"line":167,"column":3}},"83":{"start":{"line":156,"column":4},"end":{"line":156,"column":38}},"84":{"start":{"line":156,"column":20},"end":{"line":156,"column":38}},"85":{"start":{"line":158,"column":4},"end":{"line":166,"column":6}},"86":{"start":{"line":159,"column":6},"end":{"line":165,"column":9}},"87":{"start":{"line":161,"column":8},"end":{"line":163,"column":9}},"88":{"start":{"line":162,"column":10},"end":{"line":162,"column":87}},"89":{"start":{"line":164,"column":8},"end":{"line":164,"column":35}},"90":{"start":{"line":169,"column":2},"end":{"line":238,"column":6}},"91":{"start":{"line":170,"column":4},"end":{"line":237,"column":5}},"92":{"start":{"line":171,"column":22},"end":{"line":171,"column":30}},"93":{"start":{"line":174,"column":27},"end":{"line":174,"column":29}},"94":{"start":{"line":175,"column":6},"end":{"line":194,"column":9}},"95":{"start":{"line":176,"column":8},"end":{"line":193,"column":9}},"96":{"start":{"line":177,"column":22},"end":{"line":177,"column":34}},"97":{"start":{"line":180,"column":10},"end":{"line":183,"column":11}},"98":{"start":{"line":182,"column":12},"end":{"line":182,"column":57}},"99":{"start":{"line":186,"column":10},"end":{"line":192,"column":11}},"100":{"start":{"line":187,"column":12},"end":{"line":187,"column":37}},"101":{"start":{"line":188,"column":17},"end":{"line":192,"column":11}},"102":{"start":{"line":189,"column":12},"end":{"line":189,"column":38}},"103":{"start":{"line":191,"column":12},"end":{"line":191,"column":38}},"104":{"start":{"line":197,"column":6},"end":{"line":212,"column":7}},"105":{"start":{"line":198,"column":8},"end":{"line":211,"column":9}},"106":{"start":{"line":199,"column":10},"end":{"line":210,"column":11}},"107":{"start":{"line":200,"column":31},"end":{"line":203,"column":13}},"108":{"start":{"line":204,"column":12},"end":{"line":209,"column":13}},"109":{"start":{"line":205,"column":14},"end":{"line":208,"column":17}},"110":{"start":{"line":214,"column":23},"end":{"line":214,"column":89}},"111":{"start":{"line":217,"column":6},"end":{"line":229,"column":7}},"112":{"start":{"line":218,"column":26},"end":{"line":218,"column":76}},"113":{"start":{"line":219,"column":28},"end":{"line":219,"column":57}},"114":{"start":{"line":219,"column":47},"end":{"line":219,"column":56}},"115":{"start":{"line":220,"column":28},"end":{"line":225,"column":10}},"116":{"start":{"line":221,"column":10},"end":{"line":223,"column":11}},"117":{"start":{"line":222,"column":12},"end":{"line":222,"column":63}},"118":{"start":{"line":224,"column":10},"end":{"line":224,"column":21}},"119":{"start":{"line":226,"column":8},"end":{"line":226,"column":88}},"120":{"start":{"line":228,"column":8},"end":{"line":228,"column":64}},"121":{"start":{"line":230,"column":21},"end":{"line":230,"column":61}},"122":{"start":{"line":232,"column":6},"end":{"line":232,"column":36}},"123":{"start":{"line":234,"column":6},"end":{"line":234,"column":65}},"124":{"start":{"line":235,"column":6},"end":{"line":235,"column":42}},"125":{"start":{"line":236,"column":6},"end":{"line":236,"column":18}},"126":{"start":{"line":240,"column":2},"end":{"line":330,"column":6}},"127":{"start":{"line":241,"column":4},"end":{"line":329,"column":5}},"128":{"start":{"line":242,"column":17},"end":{"line":242,"column":36}},"129":{"start":{"line":243,"column":22},"end":{"line":243,"column":30}},"130":{"start":{"line":246,"column":27},"end":{"line":246,"column":29}},"131":{"start":{"line":247,"column":6},"end":{"line":280,"column":9}},"132":{"start":{"line":249,"column":8},"end":{"line":251,"column":9}},"133":{"start":{"line":250,"column":10},"end":{"line":250,"column":17}},"134":{"start":{"line":254,"column":8},"end":{"line":257,"column":9}},"135":{"start":{"line":255,"column":10},"end":{"line":255,"column":35}},"136":{"start":{"line":256,"column":10},"end":{"line":256,"column":17}},"137":{"start":{"line":260,"column":8},"end":{"line":262,"column":9}},"138":{"start":{"line":261,"column":10},"end":{"line":261,"column":17}},"139":{"start":{"line":264,"column":20},"end":{"line":264,"column":32}},"140":{"start":{"line":267,"column":8},"end":{"line":270,"column":9}},"141":{"start":{"line":269,"column":10},"end":{"line":269,"column":55}},"142":{"start":{"line":273,"column"
[...]
ions":[{"start":{"line":84,"column":6},"end":{"line":91,"column":7}},{"start":{},"end":{}}],"line":84},"24":{"loc":{"start":{"line":87,"column":8},"end":{"line":90,"column":9}},"type":"if","locations":[{"start":{"line":87,"column":8},"end":{"line":90,"column":9}},{"start":{},"end":{}}],"line":87},"25":{"loc":{"start":{"line":95,"column":28},"end":{"line":95,"column":81}},"type":"cond-expr","locations":[{"start":{"line":95,"column":52},"end":{"line":95,"column":56}},{"start":{"line":95,"column":59},"end":{"line":95,"column":81}}],"line":95},"26":{"loc":{"start":{"line":98,"column":6},"end":{"line":118,"column":7}},"type":"if","locations":[{"start":{"line":98,"column":6},"end":{"line":118,"column":7}},{"start":{},"end":{}}],"line":98},"27":{"loc":{"start":{"line":101,"column":8},"end":{"line":105,"column":9}},"type":"if","locations":[{"start":{"line":101,"column":8},"end":{"line":105,"column":9}},{"start":{},"end":{}}],"line":101},"28":{"loc":{"start":{"line":101,"column":12},"end":{"line":101,"column":40}},"type":"binary-expr","locations":[{"start":{"line":101,"column":12},"end":{"line":101,"column":13}},{"start":{"line":101,"column":17},"end":{"line":101,"column":40}}],"line":101},"29":{"loc":{"start":{"line":112,"column":18},"end":{"line":112,"column":37}},"type":"binary-expr","locations":[{"start":{"line":112,"column":18},"end":{"line":112,"column":32}},{"start":{"line":112,"column":36},"end":{"line":112,"column":37}}],"line":112},"30":{"loc":{"start":{"line":131,"column":6},"end":{"line":143,"column":7}},"type":"if","locations":[{"start":{"line":131,"column":6},"end":{"line":143,"column":7}},{"start":{"line":141,"column":13},"end":{"line":143,"column":7}}],"line":131},"31":{"loc":{"start":{"line":135,"column":10},"end":{"line":137,"column":11}},"type":"if","locations":[{"start":{"line":135,"column":10},"end":{"line":137,"column":11}},{"start":{},"end":{}}],"line":135},"32":{"loc":{"start":{"line":145,"column":6},"end":{"line":147,"column":7}},"type":"if","locations":[{"start":{"line":145,"column":6},"end":{"line":147,"column":7}},{"start":{},"end":{}}],"line":145},"33":{"loc":{"start":{"line":156,"column":4},"end":{"line":156,"column":38}},"type":"if","locations":[{"start":{"line":156,"column":4},"end":{"line":156,"column":38}},{"start":{},"end":{}}],"line":156},"34":{"loc":{"start":{"line":161,"column":8},"end":{"line":163,"column":9}},"type":"if","locations":[{"start":{"line":161,"column":8},"end":{"line":163,"column":9}},{"start":{},"end":{}}],"line":161},"35":{"loc":{"start":{"line":161,"column":12},"end":{"line":161,"column":84}},"type":"binary-expr","locations":[{"start":{"line":161,"column":12},"end":{"line":161,"column":20}},{"start":{"line":161,"column":24},"end":{"line":161,"column":49}},{"start":{"line":161,"column":53},"end":{"line":161,"column":84}}],"line":161},"36":{"loc":{"start":{"line":176,"column":8},"end":{"line":193,"column":9}},"type":"if","locations":[{"start":{"line":176,"column":8},"end":{"line":193,"column":9}},{"start":{},"end":{}}],"line":176},"37":{"loc":{"start":{"line":176,"column":12},"end":{"line":176,"column":86}},"type":"binary-expr","locations":[{"start":{"line":176,"column":12},"end":{"line":176,"column":38}},{"start":{"line":176,"column":42},"end":{"line":176,"column":63}},{"start":{"line":176,"column":67},"end":{"line":176,"column":86}}],"line":176},"38":{"loc":{"start":{"line":180,"column":10},"end":{"line":183,"column":11}},"type":"if","locations":[{"start":{"line":180,"column":10},"end":{"line":183,"column":11}},{"start":{},"end":{}}],"line":180},"39":{"loc":{"start":{"line":180,"column":14},"end":{"line":180,"column":85}},"type":"binary-expr","locations":[{"start":{"line":180,"column":14},"end":{"line":180,"column":39}},{"start":{"line":180,"column":43},"end":{"line":180,"column":62}},{"start":{"line":180,"column":66},"end":{"line":180,"column":85}}],"line":180},"40":{"loc":{"start":{"line":186,"column":10},"end":{"line":192,"column":11}},"type":"if","locations":[{"start":{"line":186,"column":10},"end":{"line":192,"column":11}},{"start":{"line":188,"column":17},"end":{"line":192,"column":11}}],"line":186},"41":{"loc":{"start":{"line":188,"column":17},"end":{"line":192,"column":11}},"type":"if","locations":[{"start":{"line":188,"column":17},"end":{"line":192,"column":11}},{"start":{"line":190,"column":17},"end":{"line":192,"column":11}}],"line":188},"42":{"loc":{"start":{"line":197,"column":6},"end":{"line":212,"column":7}},"type":"if","locations":[{"start":{"line":197,"column":6},"end":{"line":212,"column":7}},{"start":{},"end":{}}],"line":197},"43":{"loc":{"start":{"line":199,"column":10},"end":{"line":210,"column":11}},"type":"if","locations":[{"start":{"line":199,"column":10},"end":{"line":210,"column":11}},{"start":{},"end":{}}],"line":199},"44":{"loc":{"start":{"line":199,"column":14},"end":{"line":199,"column":109}},"type":"binary-expr","locations":[{"start":{"line":199,"column":14},"end":{"line":199,"column":47}},{"start":{"line":199,"column":51},"end":{"line":199,"column":79}},{"start":{"line":199,"column":83},"end":{"line":199,"column":109}}],"line":199},"45":{"loc":{"start":{"line":204,"column":12},"end":{"line":209,"column":13}},"type":"if","locations":[{"start":{"line":204,"column":12},"end":{"line":209,"column":13}},{"start":{},"end":{}}],"line":204},"46":{"loc":{"start":{"line":206,"column":28},"end":{"line":206,"column":101}},"type":"cond-expr","locations":[{"start":{"line":206,"column":48},"end":{"line":206,"column":63}},{"start":{"line":206,"column":66},"end":{"line":206,"column":101}}],"line":206},"47":{"loc":{"start":{"line":206,"column":66},"end":{"line":206,"column":101}},"type":"cond-expr","locations":[{"start":{"line":206,"column":86},"end":{"line":206,"column":93}},{"start":{"line":206,"column":96},"end":{"line":206,"column":101}}],"line":206},"48":{"loc":{"start":{"line":217,"column":6},"end":{"line":229,"column":7}},"type":"if","locations":[{"start":{"line":217,"column":6},"end":{"line":229,"column":7}},{"start":{"line":227,"column":13},"end":{"line":229,"column":7}}],"line":217},"49":{"loc":{"start":{"line":221,"column":10},"end":{"line":223,"column":11}},"type":"if","locations":[{"start":{"line":221,"column":10},"end":{"line":223,"column":11}},{"start":{},"end":{}}],"line":221},"50":{"loc":{"start":{"line":249,"column":8},"end":{"line":251,"column":9}},"type":"if","locations":[{"start":{"line":249,"column":8},"end":{"line":251,"column":9}},{"start":{},"end":{}}],"line":249},"51":{"loc":{"start":{"line":254,"column":8},"end":{"line":257,"column":9}},"type":"if","locations":[{"start":{"line":254,"column":8},"end":{"line":257,"column":9}},{"start":{},"end":{}}],"line":254},"52":{"loc":{"start":{"line":254,"column":12},"end":{"line":254,"column":63}},"type":"binary-expr","locations":[{"start":{"line":254,"column":12},"end":{"line":254,"column":40}},{"start":{"line":254,"column":44},"end":{"line":254,"column":63}}],"line":254},"53":{"loc":{"start":{"line":260,"column":8},"end":{"line":262,"column":9}},"type":"if","locations":[{"start":{"line":260,"column":8},"end":{"line":262,"column":9}},{"start":{},"end":{}}],"line":260},"54":{"loc":{"start":{"line":260,"column":12},"end":{"line":260,"column":56}},"type":"binary-expr","locations":[{"start":{"line":260,"column":12},"end":{"line":260,"column":33}},{"start":{"line":260,"column":37},"end":{"line":260,"column":56}}],"line":260},"55":{"loc":{"start":{"line":267,"column":8},"end":{"line":270,"column":9}},"type":"if","locations":[{"start":{"line":267,"column":8},"end":{"line":270,"column":9}},{"start":{},"end":{}}],"line":267},"56":{"loc":{"start":{"line":267,"column":12},"end":{"line":267,"column":83}},"type":"binary-expr","locations":[{"start":{"line":267,"column":12},"end":{"line":267,"column":37}},{"start":{"line":267,"column":41},"end":{"line":267,"column":60}},{"start":{"line":267,"column":64},"end":{"line":267,"column":83}}],"line":267},"57":{"loc":{"start":{"line":273,"column":8},"end":{"line":279,"column":9}},"type":"if","locations":[{"start":{"line":273,"column":8},"end":{"line":279,"column":9}},{"start":{"line":275,"column":15},"end":{"line":279,"column":9}}],"line":273},"58":{"loc":{"start":{"line":275,"column":15},"end":{"line":279,"column":9}},"type":"if","locations":[{"start":{"line":275,"column":15},"end":{"line":279,"column":9}},{"start":{"line":277,"column":15},"end":{"line":279,"column":9}}],"line":275},"59":{"loc":{"start":{"line":283,"column":6},"end":{"line":298,"column":7}},"type":"if","locations":[{"start":{"line":283,"column":6},"end":{"line":298,"column":7}},{"start":{},"end":{}}],"line":283},"60":{"loc":{"start":{"line":285,"column":10},"end":{"line":296,"column":11}},"type":"if","locations":[{"start":{"line":285,"column":10},"end":{"line":296,"column":11}},{"start":{},"end":{}}],"line":285},"61":{"loc":{"start":{"line":285,"column":14},"end":{"line":285,"column":109}},"type":"binary-expr","locations":[{"start":{"line":285,"column":14},"end":{"line":285,"column":47}},{"start":{"line":285,"column":51},"end":{"line":285,"column":79}},{"start":{"line":285,"column":83},"end":{"line":285,"column":109}}],"line":285},"62":{"loc":{"start":{"line":290,"column":12},"end":{"line":295,"column":13}},"type":"if","locations":[{"start":{"line":290,"column":12},"end":{"line":295,"column":13}},{"start":{},"end":{}}],"line":290},"63":{"loc":{"start":{"line":292,"column":28},"end":{"line":292,"column":101}},"type":"cond-expr","locations":[{"start":{"line":292,"column":48},"end":{"line":292,"column":63}},{"start":{"line":292,"column":66},"end":{"line":292,"column":101}}],"line":292},"64":{"loc":{"start":{"line":292,"column":66},"end":{"line":292,"column":101}},"type":"cond-expr","locations":[{"start":{"line":292,"column":86},"end":{"line":292,"column":93}},{"start":{"line":292,"column":96},"end":{"line":292,"column":101}}],"line":292},"65":{"loc":{"start":{"line":304,"column":6},"end":{"line":306,"column":7}},"type":"if","locations":[{"start":{"line":304,"column":6},"end":{"line":306,"column":7}},{"start":{},"end":{}}],"line":304},"66":{"loc":{"start":{"line":309,"column":6},"end":{"line":321,"column":7}},"type":"if","locations":[{"start":{"line":309,"column":6},"end":{"line":321,"column":7}},{"start":{"line":319,"column":13},"end":{"line":321,"column":7}}],"line":309},"67":{"loc":{"start":{"line":313,"column":10},"end":{"line":315,"column":11}},"type":"if","locations":[{"start":{"line":313,"column":10},"end":{"line":315,"column":11}},{"start":{},"end":{}}],"line":313},"68":{"loc":{"start":{"line":336,"column":6},"end":{"line":338,"column":7}},"type":"if","locations":[{"start":{"line":336,"column":6},"end":{"line":338,"column":7}},{"start":{},"end":{}}],"line":336},"69":{"loc":{"start":{"line":343,"column":6},"end":{"line":347,"column":7}},"type":"if","locations":[{"start":{"line":343,"column":6},"end":{"line":347,"column":7}},{"start":{},"end":{}}],"line":343},"70":{"loc":{"start":{"line":343,"column":10},"end":{"line":343,"column":90}},"type":"binary-expr","locations":[{"start":{"line":343,"column":10},"end":{"line":343,"column":49}},{"start":{"line":343,"column":53},"end":{"line":343,"column":90}}],"line":343}},"s":{"0":11,"1":11,"2":11,"3":9,"4":9,"5":4,"6":4,"7":0,"8":0,"9":0,"10":0,"11":0,"12":0,"13":0,"14":0,"15":0,"16":0,"17":0,"18":0,"19":9,"20":8,"21":8,"22":8,"23":4,"24":4,"25":28,"26":4,"27":28,"28":4,"29":24,"30":4,"31":4,"32":8,"33":8,"34":4,"35":12,"36":4,"37":4,"38":12,"39":8,"40":8,"41":8,"42":8,"43":2,"44":2,"45":2,"46":2,"47":2,"48":8,"49":8,"50":8,"51":2,"52":2,"53":2,"54":0,"55":0,"56":0,"57":0,"58":0,"59":2,"60":2,"61":2,"62":6,"63":0,"64":9,"65":0,"66":0,"67":0,"68":0,"69":0,"70":0,"71":0,"72":0,"73":0,"74":0,"75":0,"76":0,"77":0,"78":0,"79":0,"80":0,"81":0,"82":9,"83":27,"84":0,"85":27,"86":26,"87":25,"88":1,"89":24,"90":9,"91":16,"92":16,"93":16,"94":16,"95":37,"96":37,"97":37,"98":0,"99":37,"100":0,"101":37,"102":0,"103":37,"104":16,"105":3,"106":3,"107":2,"108":2,"109":0,"110":16,"111":9,"112":3,"113":3,"114":22,"115":3,"116":22,"117":3,"118":19,"119":3,"120":6,"121":9,"122":9,"123":7,"124":7,"125":7,"126":9,"127":4,"128":4,"129":4,"130":4,"131":4,"132":4,"133":0,"134":4,"135":0,"136":0,"137":4,"138":0,"139":4,"140":4,"141":0,"142":4,"143":0,"144":4,"145":0,"146":4,"147":4,"148":1,"149":1,"150":1,"151":1,"152":0,"153":4,"154":4,"155":0,"156":4,"157":2,"158":2,"159":15,"160":2,"161":15,"162":2,"163":13,"164":2,"165":2,"166":4,"167":4,"168":0,"169":0,"170":0,"171":9,"172":4,"173":4,"174":4,"175":4,"176":0,"177":4,"178":0,"179":0,"180":0,"181":0,"182":9,"183":11},"f":{"0":9,"1":4,"2":0,"3":0,"4":8,"5":28,"6":28,"7":12,"8":12,"9":0,"10":0,"11":0,"12":0,"13":0,"14":27,"15":26,"16":25,"17":16,"18":37,"19":22,"20":22,"21":4,"22":4,"23":15,"24":15,"25":4},"b":{"0":[9],"1":[0],"2":[9],"3":[0],"4":[5],"5":[6],"6":[8],"7":[4,0],"8":[4,0,0],"9":[0,0],"10":[0,0],"11":[0,0],"12":[0,0],"13":[0,0],"14":[0,0],"15":[0,0],"16":[4,4],"17":[4,24],"18":[4,4],"19":[8,4],"20":[2,6],"21":[2,6],"22":[8,2],"23":[2,6],"24":[2,0],"25":[4,4],"26":[2,6],"27":[0,2],"28":[2,0],"29":[2,0],"30":[0,0],"31":[0,0],"32":[0,0],"33":[0,27],"34":[1,24],"35":[25,25,1],"36":[37,0],"37":[37,37,37],"38":[0,37],"39":[37,35,16],"40":[0,37],"41":[0,37],"42":[3,13],"43":[2,1],"44":[3,2,2],"45":[0,2],"46":[0,0],"47":[0,0],"48":[3,6],"49":[3,19],"50":[0,4],"51":[0,4],"52":[4,1],"53":[0,4],"54":[4,4],"55":[0,4],"56":[4,4,2],"57":[0,4],"58":[0,4],"59":[1,3],"60":[1,0],"61":[1,1,1],"62":[0,1],"63":[0,0],"64":[0,0],"65":[0,4],"66":[2,2],"67":[2,13],"68":[0,4],"69":[0,0],"70":[0,0]},"_coverageSchema":"1a1c01bbd47fc00a2c39e90264f33305004495a9","hash":"1e58bc2a5d48e1f242bdd665ec6b08dff364e432"}
,"D:\\project\\ptit\\sqa\\information_portal\\server\\src\\utils\\helpers.js": {"path":"D:\\project\\ptit\\sqa\\information_portal\\server\\src\\utils\\helpers.js","statementMap":{"0":{"start":{"line":5,"column":22},"end":{"line":8,"column":1}},"1":{"start":{"line":6,"column":2},"end":{"line":6,"column":46}},"2":{"start":{"line":6,"column":33},"end":{"line":6,"column":46}},"3":{"start":{"line":7,"column":2},"end":{"line":7,"column":39}},"4":{"start":{"line":13,"column":19},"end":{"line":18,"column":1}},"5":{"start":{"line":14,"column":2},"end":{"line":14,"column":25}},"6":{"start":{"line":14,"column":13},"end":{"line":14,"column":25}},"7":{"start":{"line":15,"column":12},"end":{"line":15,"column":26}},"8":{"start":{"line":16,"column":2},"end":{"line":16,"column":38}},"9":{"start":{"line":16,"column":26},"end":{"line":16,"column":38}},"10":{"start":{"line":17,"column":2},"end":{"line":17,"column":39}},"11":{"start":{"line":23,"column":17},"end":{"line":26,"column":1}},"12":{"start":{"line":24,"column":17},"end":{"line":24,"column":35}},"13":{"start":{"line":25,"column":2},"end":{"line":25,"column":62}},"14":{"start":{"line":31,"column":25},"end":{"line":41,"column":1}},"15":{"start":{"line":32,"column":2},"end":{"line":32,"column":78}},"16":{"start":{"line":32,"column":47},"end":{"line":32,"column":78}},"17":{"start":{"line":34,"column":21},"end":{"line":34,"column":65}},"18":{"start":{"line":34,"column":48},"end":{"line":34,"column":51}},"19":{"start":{"line":35,"column":17},"end":{"line":35,"column":62}},"20":{"start":{"line":35,"column":44},"end":{"line":35,"column":61}},"21":{"start":{"line":37,"column":2},"end":{"line":40,"column":4}},"22":{"start":{"line":38,"column":48},"end":{"line":38,"column":65}},"23":{"start":{"line":46,"column":24},"end":{"line":55,"column":1}},"24":{"start":{"line":47,"column":19},"end":{"line":50,"column":3}},"25":{"start":{"line":51,"column":2},"end":{"line":53,"column":3}},"26":{"start":{"line":52,"column":4},"end":{"line":52,"column":31}},"27":{"start":{"line":54,"column":2},"end":{"line":54,"column":18}},"28":{"start":{"line":60,"column":22},"end":{"line":66,"column":1}},"29":{"start":{"line":61,"column":2},"end":{"line":65,"column":4}},"30":{"start":{"line":68,"column":0},"end":{"line":75,"column":2}}},"fnMap":{"0":{"name":"(anonymous_0)","decl":{"start":{"line":5,"column":22},"end":{"line":5,"column":23}},"loc":{"start":{"line":5,"column":33},"end":{"line":8,"column":1}},"line":5},"1":{"name":"(anonymous_1)","decl":{"start":{"line":13,"column":19},"end":{"line":13,"column":20}},"loc":{"start":{"line":13,"column":29},"end":{"line":18,"column":1}},"line":13},"2":{"name":"(anonymous_2)","decl":{"start":{"line":23,"column":17},"end":{"line":23,"column":18}},"loc":{"start":{"line":23,"column":43},"end":{"line":26,"column":1}},"line":23},"3":{"name":"(anonymous_3)","decl":{"start":{"line":31,"column":25},"end":{"line":31,"column":26}},"loc":{"start":{"line":31,"column":59},"end":{"line":41,"column":1}},"line":31},"4":{"name":"(anonymous_4)","decl":{"start":{"line":34,"column":42},"end":{"line":34,"column":43}},"loc":{"start":{"line":34,"column":48},"end":{"line":34,"column":51}},"line":34},"5":{"name":"(anonymous_5)","decl":{"start":{"line":35,"column":38},"end":{"line":35,"column":39}},"loc":{"start":{"line":35,"column":44},"end":{"line":35,"column":61}},"line":35},"6":{"name":"(anonymous_6)","decl":{"start":{"line":38,"column":39},"end":{"line":38,"column":40}},"loc":{"start":{"line":38,"column":48},"end":{"line":38,"column":65}},"line":38},"7":{"name":"(anonymous_7)","decl":{"start":{"line":46,"column":24},"end":{"line":46,"column":25}},"loc":{"start":{"line":46,"column":50},"end":{"line":55,"column":1}},"line":46},"8":{"name":"(anonymous_8)","decl":{"start":{"line":60,"column":22},"end":{"line":60,"column":23}},"loc":{"start":{"line":60,"column":51},"end":{"line":66,"column":1}},"line":60}},"branchMap":{"0":{"loc":{"start":{"line":6,"column":2},"end":{"line":6,"column":46}},"type":"if","locations":[{"start":{"line":6,"column":2},"end":{"line":6,"column":46}},{"start":{},"end":{}}],"line":6},"1":{"loc":{"start":{"line":14,"column":2},"end":{"line":14,"column":25}},"type":"if","locations":[{"start":{"line":14,"column":2},"end":{"line":14,"column":25}},{"start":{},"end":{}}],"line":14},"2":{"loc":{"start":{"line":16,"column":2},"end":{"line":16,"column":38}},"type":"if","locations":[{"start":{"line":16,"column":2},"end":{"line":16,"column":38}},{"start":{},"end":{}}],"line":16},"3":{"loc":{"start":{"line":23,"column":18},"end":{"line":23,"column":26}},"type":"default-arg","locations":[{"start":{"line":23,"column":25},"end":{"line":23,"column":26}}],"line":23},"4":{"loc":{"start":{"line":23,"column":28},"end":{"line":23,"column":38}},"type":"default-arg","locations":[{"start":{"line":23,"column":36},"end":{"line":23,"column":38}}],"line":23},"5":{"loc":{"start":{"line":32,"column":2},"end":{"line":32,"column":78}},"type":"if","locations":[{"start":{"line":32,"column":2},"end":{"line":32,"column":78}},{"start":{},"end":{}}],"line":32},"6":{"loc":{"start":{"line":32,"column":6},"end":{"line":32,"column":45}},"type":"binary-expr","locations":[{"start":{"line":32,"column":6},"end":{"line":32,"column":17}},{"start":{"line":32,"column":21},"end":{"line":32,"column":45}}],"line":32},"7":{"loc":{"start":{"line":46,"column":31},"end":{"line":46,"column":45}},"type":"default-arg","locations":[{"start":{"line":46,"column":41},"end":{"line":46,"column":45}}],"line":46},"8":{"loc":{"start":{"line":51,"column":2},"end":{"line":53,"column":3}},"type":"if","locations":[{"start":{"line":51,"column":2},"end":{"line":53,"column":3}},{"start":{},"end":{}}],"line":51},"9":{"loc":{"start":{"line":60,"column":32},"end":{"line":60,"column":46}},"type":"default-arg","locations":[{"start":{"line":60,"column":42},"end":{"line":60,"column":46}}],"line":60}},"s":{"0":1,"1":0,"2":0,"3":0,"4":1,"5":0,"6":0,"7":0,"8":0,"9":0,"10":0,"11":1,"12":0,"13":0,"14":1,"15":0,"16":0,"17":0,"18":0,"19":0,"20":0,"21":0,"22":0,"23":1,"24":0,"25":0,"26":0,"27":0,"28":1,"29":1,"30":1},"f":{"0":0,"1":0,"2":0,"3":0,"4":0,"5":0,"6":0,"7":0,"8":1},"b":{"0":[0,0],"1":[0,0],"2":[0,0],"3":[0],"4":[0],"5":[0,0],"6":[0,0],"7":[0],"8":[0,0],"9":[0]},"_coverageSchema":"1a1c01bbd47fc00a2c39e90264f33305004495a9","hash":"abb6ab50d012881b0a71b45022a71147833f8245"}
}
