TN:
SF:__tests__\setup.js
FN:28,(anonymous_0)
FN:56,(anonymous_1)
FN:71,(anonymous_2)
FN:87,(anonymous_3)
FN:97,(anonymous_4)
FN:102,(anonymous_5)
FNF:6
FNH:4
FNDA:22,(anonymous_0)
FNDA:9,(anonymous_1)
FNDA:2,(anonymous_2)
FNDA:7,(anonymous_3)
FNDA:0,(anonymous_4)
FNDA:0,(anonymous_5)
DA:13,11
DA:15,11
DA:16,11
DA:17,11
DA:18,11
DA:19,11
DA:20,11
DA:23,11
DA:28,11
DA:29,22
DA:32,11
DA:39,11
DA:56,11
DA:57,9
DA:58,9
DA:59,9
DA:60,9
DA:61,9
DA:71,11
DA:72,2
DA:73,2
DA:74,2
DA:75,2
DA:76,2
DA:87,11
DA:88,7
DA:97,11
DA:98,0
DA:102,11
DA:103,0
DA:107,11
LF:31
LH:29
BRDA:23,0,0,11
BRDA:23,0,1,0
BRF:2
BRH:1
end_of_record
TN:
SF:src\config\db.js
FN:23,(anonymous_0)
FN:27,(anonymous_1)
FNF:2
FNH:1
FNDA:11,(anonymous_0)
FNDA:0,(anonymous_1)
DA:1,11
DA:2,11
DA:4,11
DA:21,11
DA:24,11
DA:25,11
DA:28,0
DA:31,11
LF:8
LH:7
BRDA:5,0,0,11
BRDA:5,0,1,0
BRDA:6,1,0,11
BRDA:6,1,1,0
BRDA:7,2,0,11
BRDA:7,2,1,0
BRDA:8,3,0,11
BRDA:8,3,1,0
BRDA:9,4,0,11
BRDA:9,4,1,0
BRF:10
BRH:5
end_of_record
TN:
SF:src\middleware\adminGuard.js
FN:2,(anonymous_0)
FNF:1
FNH:1
FNDA:8,(anonymous_0)
DA:2,2
DA:4,8
DA:5,0
DA:9,8
DA:10,0
DA:13,8
DA:16,2
LF:7
LH:5
BRDA:4,0,0,0
BRDA:4,0,1,8
BRDA:9,1,0,0
BRDA:9,1,1,8
BRDA:9,2,0,8
BRDA:9,2,1,0
BRF:6
BRH:3
end_of_record
TN:
SF:src\middleware\auth.js
FN:3,(anonymous_0)
FNF:1
FNH:1
FNDA:34,(anonymous_0)
DA:1,11
DA:3,11
DA:4,34
DA:5,34
DA:6,1
DA:9,33
DA:10,33
DA:11,0
DA:14,33
DA:15,33
DA:16,33
DA:17,33
DA:19,0
DA:23,11
LF:14
LH:12
BRDA:5,0,0,1
BRDA:5,0,1,33
BRDA:10,1,0,0
BRDA:10,1,1,33
BRDA:15,2,0,33
BRDA:15,2,1,0
BRF:6
BRH:4
end_of_record
TN:
SF:src\middleware\errorHandler.js
FN:2,(anonymous_0)
FNF:1
FNH:1
FNDA:9,(anonymous_0)
DA:2,11
DA:3,9
DA:4,9
DA:5,9
DA:6,9
DA:9,9
DA:10,0
DA:17,9
DA:18,0
DA:25,9
DA:26,0
DA:33,9
DA:34,0
DA:41,9
DA:42,0
DA:50,9
DA:51,0
DA:57,9
DA:58,0
DA:65,9
DA:66,0
DA:72,9
DA:73,0
DA:80,9
DA:81,0
DA:89,9
DA:90,9
DA:91,9
DA:93,9
DA:100,11
LF:30
LH:20
BRDA:9,0,0,0
BRDA:9,0,1,9
BRDA:17,1,0,0
BRDA:17,1,1,9
BRDA:25,2,0,0
BRDA:25,2,1,9
BRDA:33,3,0,0
BRDA:33,3,1,9
BRDA:41,4,0,0
BRDA:41,4,1,9
BRDA:50,5,0,0
BRDA:50,5,1,9
BRDA:57,6,0,0
BRDA:57,6,1,9
BRDA:65,7,0,0
BRDA:65,7,1,9
BRDA:72,8,0,0
BRDA:72,8,1,9
BRDA:80,9,0,0
BRDA:80,9,1,9
BRDA:89,10,0,9
BRDA:89,10,1,9
BRDA:89,10,2,9
BRDA:90,11,0,9
BRDA:90,11,1,0
BRDA:91,12,0,0
BRDA:91,12,1,9
BRF:27
BRH:15
end_of_record
TN:
SF:src\middleware\uploadExcel.js
FN:13,(anonymous_0)
FN:16,(anonymous_1)
FN:24,(anonymous_2)
FNF:3
FNH:0
FNDA:0,(anonymous_0)
FNDA:0,(anonymous_1)
FNDA:0,(anonymous_2)
DA:1,1
DA:2,1
DA:3,1
DA:6,1
DA:7,1
DA:8,0
DA:12,1
DA:14,0
DA:17,0
DA:18,0
DA:19,0
DA:24,1
DA:25,0
DA:26,0
DA:27,0
DA:31,0
DA:32,0
DA:34,0
DA:38,1
DA:46,1
LF:20
LH:9
BRDA:7,0,0,0
BRDA:7,0,1,1
BRDA:27,1,0,0
BRDA:27,1,1,0
BRDA:27,1,2,0
BRDA:31,2,0,0
BRDA:31,2,1,0
BRDA:31,3,0,0
BRDA:31,3,1,0
BRF:9
BRH:1
end_of_record
TN:
SF:src\routes\departments.js
FN:11,(anonymous_0)
FN:36,(anonymous_1)
FN:75,(anonymous_2)
FN:110,(anonymous_3)
FN:150,(anonymous_4)
FN:174,(anonymous_5)
FN:223,(anonymous_6)
FNF:7
FNH:3
FNDA:0,(anonymous_0)
FNDA:0,(anonymous_1)
FNDA:2,(anonymous_2)
FNDA:0,(anonymous_3)
FNDA:0,(anonymous_4)
FNDA:1,(anonymous_5)
FNDA:1,(anonymous_6)
DA:1,1
DA:2,1
DA:3,1
DA:4,1
DA:5,1
DA:6,1
DA:8,1
DA:11,1
DA:12,0
DA:13,0
DA:18,0
DA:19,0
DA:26,0
DA:29,0
DA:31,0
DA:36,1
DA:37,0
DA:38,0
DA:39,0
DA:44,0
DA:45,0
DA:48,0
DA:51,0
DA:58,0
DA:60,0
DA:62,0
DA:67,1
DA:76,2
DA:78,2
DA:79,2
DA:80,1
DA:83,1
DA:85,1
DA:90,1
DA:95,1
DA:97,0
DA:103,1
DA:111,0
DA:113,0
DA:114,0
DA:115,0
DA:118,0
DA:119,0
DA:122,0
DA:123,0
DA:124,0
DA:127,0
DA:128,0
DA:129,0
DA:131,0
DA:132,0
DA:135,0
DA:137,0
DA:142,0
DA:144,0
DA:150,1
DA:151,0
DA:153,0
DA:155,0
DA:156,0
DA:157,0
DA:160,0
DA:162,0
DA:164,0
DA:169,1
DA:175,1
DA:177,1
DA:178,1
DA:179,0
DA:182,1
DA:183,1
DA:186,1
DA:187,1
DA:188,0
DA:192,1
DA:193,1
DA:194,0
DA:198,1
DA:199,0
DA:203,1
DA:204,0
DA:208,1
DA:213,1
DA:215,1
DA:217,0
DA:223,1
DA:224,1
DA:226,1
DA:229,1
DA:233,1
DA:234,0
DA:237,1
DA:238,0
DA:242,1
DA:247,1
DA:249,0
DA:253,1
LF:97
LH:44
BRDA:44,0,0,0
BRDA:44,0,1,0
BRDA:79,1,0,1
BRDA:79,1,1,1
BRDA:87,2,0,1
BRDA:87,2,1,0
BRDA:114,3,0,0
BRDA:114,3,1,0
BRDA:123,4,0,0
BRDA:123,4,1,0
BRDA:128,5,0,0
BRDA:128,5,1,0
BRDA:129,6,0,0
BRDA:129,6,1,0
BRDA:131,7,0,0
BRDA:131,7,1,0
BRDA:156,8,0,0
BRDA:156,8,1,0
BRDA:178,9,0,0
BRDA:178,9,1,1
BRDA:187,10,0,0
BRDA:187,10,1,1
BRDA:193,11,0,0
BRDA:193,11,1,1
BRDA:198,12,0,0
BRDA:198,12,1,1
BRDA:198,13,0,1
BRDA:198,13,1,0
BRDA:203,14,0,0
BRDA:203,14,1,1
BRDA:233,15,0,0
BRDA:233,15,1,1
BRDA:237,16,0,0
BRDA:237,16,1,1
BRF:34
BRH:11
end_of_record
TN:
SF:src\routes\majors.js
FN:11,(anonymous_0)
FN:20,(anonymous_1)
FN:38,(anonymous_2)
FN:44,(anonymous_3)
FN:73,(anonymous_4)
FN:80,(anonymous_5)
FN:112,(anonymous_6)
FN:160,(anonymous_7)
FN:173,(anonymous_8)
FN:180,(anonymous_9)
FN:209,(anonymous_10)
FN:216,(anonymous_11)
FN:252,(anonymous_12)
FN:269,(anonymous_13)
FN:324,(anonymous_14)
FN:410,(anonymous_15)
FNF:16
FNH:4
FNDA:0,(anonymous_0)
FNDA:0,(anonymous_1)
FNDA:2,(anonymous_2)
FNDA:3,(anonymous_3)
FNDA:0,(anonymous_4)
FNDA:0,(anonymous_5)
FNDA:0,(anonymous_6)
FNDA:0,(anonymous_7)
FNDA:2,(anonymous_8)
FNDA:8,(anonymous_9)
FNDA:0,(anonymous_10)
FNDA:0,(anonymous_11)
FNDA:0,(anonymous_12)
FNDA:0,(anonymous_13)
FNDA:0,(anonymous_14)
FNDA:0,(anonymous_15)
DA:1,1
DA:2,1
DA:3,1
DA:4,1
DA:5,1
DA:6,1
DA:7,1
DA:9,1
DA:11,1
DA:12,0
DA:13,0
DA:14,0
DA:16,0
DA:20,1
DA:21,0
DA:22,0
DA:23,0
DA:24,0
DA:25,0
DA:27,0
DA:31,0
DA:32,0
DA:34,0
DA:38,1
DA:39,2
DA:40,2
DA:43,2
DA:44,2
DA:46,3
DA:47,0
DA:50,3
DA:51,3
DA:54,3
DA:56,0
DA:59,3
DA:63,2
DA:64,1
DA:65,1
DA:67,1
DA:68,1
DA:69,1
DA:73,1
DA:74,0
DA:75,0
DA:76,0
DA:79,0
DA:80,0
DA:82,0
DA:83,0
DA:86,0
DA:87,0
DA:90,0
DA:92,0
DA:95,0
DA:99,0
DA:100,0
DA:101,0
DA:103,0
DA:104,0
DA:106,0
DA:107,0
DA:108,0
DA:112,1
DA:113,0
DA:114,0
DA:117,0
DA:118,0
DA:120,0
DA:121,0
DA:129,0
DA:130,0
DA:133,0
DA:134,0
DA:138,0
DA:139,0
DA:140,0
DA:144,0
DA:150,0
DA:151,0
DA:156,0
DA:160,1
DA:161,0
DA:162,0
DA:163,0
DA:167,0
DA:169,0
DA:173,1
DA:174,2
DA:175,2
DA:176,2
DA:179,2
DA:180,2
DA:182,8
DA:183,0
DA:186,8
DA:187,8
DA:190,8
DA:192,0
DA:195,8
DA:199,2
DA:200,1
DA:201,1
DA:203,1
DA:204,1
DA:205,1
DA:209,1
DA:210,0
DA:211,0
DA:212,0
DA:215,0
DA:216,0
DA:218,0
DA:219,0
DA:222,0
DA:223,0
DA:226,0
DA:228,0
DA:231,0
DA:235,0
DA:240,0
DA:241,0
DA:243,0
DA:244,0
DA:246,0
DA:247,0
DA:248,0
DA:252,1
DA:253,0
DA:254,0
DA:255,0
DA:259,0
DA:260,0
DA:262,0
DA:264,0
DA:269,1
DA:270,0
DA:271,0
DA:274,0
DA:275,0
DA:276,0
DA:279,0
DA:298,0
DA:299,0
DA:300,0
DA:303,0
DA:312,0
DA:314,0
DA:315,0
DA:316,0
DA:318,0
DA:319,0
DA:324,1
DA:325,0
DA:326,0
DA:328,0
DA:329,0
DA:333,0
DA:334,0
DA:335,0
DA:336,0
DA:340,0
DA:341,0
DA:342,0
DA:343,0
DA:345,0
DA:346,0
DA:347,0
DA:351,0
DA:353,0
DA:360,0
DA:371,0
DA:374,0
DA:375,0
DA:376,0
DA:378,0
DA:380,0
DA:381,0
DA:382,0
DA:383,0
DA:384,0
DA:385,0
DA:388,0
DA:389,0
DA:390,0
DA:391,0
DA:394,0
DA:395,0
DA:396,0
DA:397,0
DA:401,0
DA:402,0
DA:405,0
DA:406,0
DA:409,0
DA:410,0
DA:411,0
DA:412,0
DA:416,0
DA:417,0
DA:418,0
DA:424,0
DA:425,0
DA:426,0
DA:427,0
DA:428,0
DA:429,0
DA:432,0
DA:435,0
DA:436,0
DA:437,0
DA:438,0
DA:442,0
DA:443,0
DA:444,0
DA:445,0
DA:449,0
DA:450,0
DA:451,0
DA:452,0
DA:453,0
DA:455,0
DA:458,0
DA:463,0
DA:464,0
DA:465,0
DA:466,0
DA:470,0
DA:475,0
DA:477,0
DA:478,0
DA:479,0
DA:483,0
DA:488,0
DA:489,0
DA:490,0
DA:492,0
DA:496,1
LF:237
LH:51
BRDA:24,0,0,0
BRDA:24,0,1,0
BRDA:46,1,0,0
BRDA:46,1,1,3
BRDA:46,2,0,3
BRDA:46,2,1,3
BRDA:50,3,0,3
BRDA:50,3,1,0
BRDA:50,4,0,3
BRDA:50,4,1,3
BRDA:50,4,2,3
BRDA:54,5,0,0
BRDA:54,5,1,3
BRDA:54,6,0,3
BRDA:54,6,1,1
BRDA:54,6,2,1
BRDA:82,7,0,0
BRDA:82,7,1,0
BRDA:82,8,0,0
BRDA:82,8,1,0
BRDA:86,9,0,0
BRDA:86,9,1,0
BRDA:86,10,0,0
BRDA:86,10,1,0
BRDA:86,10,2,0
BRDA:90,11,0,0
BRDA:90,11,1,0
BRDA:90,12,0,0
BRDA:90,12,1,0
BRDA:90,12,2,0
BRDA:100,13,0,0
BRDA:100,13,1,0
BRDA:118,14,0,0
BRDA:118,14,1,0
BRDA:120,15,0,0
BRDA:120,15,1,0
BRDA:130,16,0,0
BRDA:130,16,1,0
BRDA:133,17,0,0
BRDA:133,17,1,0
BRDA:139,18,0,0
BRDA:139,18,1,0
BRDA:150,19,0,0
BRDA:150,19,1,0
BRDA:150,20,0,0
BRDA:150,20,1,0
BRDA:182,21,0,0
BRDA:182,21,1,8
BRDA:182,22,0,8
BRDA:182,22,1,8
BRDA:186,23,0,8
BRDA:186,23,1,0
BRDA:186,24,0,8
BRDA:186,24,1,8
BRDA:186,24,2,8
BRDA:190,25,0,0
BRDA:190,25,1,8
BRDA:190,26,0,8
BRDA:190,26,1,5
BRDA:190,26,2,2
BRDA:218,27,0,0
BRDA:218,27,1,0
BRDA:218,28,0,0
BRDA:218,28,1,0
BRDA:222,29,0,0
BRDA:222,29,1,0
BRDA:222,30,0,0
BRDA:222,30,1,0
BRDA:222,30,2,0
BRDA:226,31,0,0
BRDA:226,31,1,0
BRDA:226,32,0,0
BRDA:226,32,1,0
BRDA:226,32,2,0
BRDA:240,33,0,0
BRDA:240,33,1,0
BRDA:259,34,0,0
BRDA:259,34,1,0
BRDA:275,35,0,0
BRDA:275,35,1,0
BRDA:328,36,0,0
BRDA:328,36,1,0
BRDA:334,37,0,0
BRDA:334,37,1,0
BRDA:345,38,0,0
BRDA:345,38,1,0
BRDA:380,39,0,0
BRDA:380,39,1,0
BRDA:381,40,0,0
BRDA:381,40,1,0
BRDA:382,41,0,0
BRDA:382,41,1,0
BRDA:383,42,0,0
BRDA:383,42,1,0
BRDA:384,43,0,0
BRDA:384,43,1,0
BRDA:385,44,0,0
BRDA:385,44,1,0
BRDA:388,45,0,0
BRDA:388,45,1,0
BRDA:394,46,0,0
BRDA:394,46,1,0
BRDA:405,47,0,0
BRDA:405,47,1,0
BRDA:411,48,0,0
BRDA:411,48,1,0
BRDA:417,49,0,0
BRDA:417,49,1,0
BRDA:425,50,0,0
BRDA:425,50,1,0
BRDA:425,51,0,0
BRDA:425,51,1,0
BRDA:426,52,0,0
BRDA:426,52,1,0
BRDA:435,53,0,0
BRDA:435,53,1,0
BRDA:435,54,0,0
BRDA:435,54,1,0
BRDA:435,54,2,0
BRDA:442,55,0,0
BRDA:442,55,1,0
BRDA:442,56,0,0
BRDA:442,56,1,0
BRDA:442,56,2,0
BRDA:450,57,0,0
BRDA:450,57,1,0
BRDA:463,58,0,0
BRDA:463,58,1,0
BRDA:472,59,0,0
BRDA:472,59,1,0
BRDA:478,60,0,0
BRDA:478,60,1,0
BRDA:489,61,0,0
BRDA:489,61,1,0
BRDA:489,62,0,0
BRDA:489,62,1,0
BRF:136
BRH:22
end_of_record
TN:
SF:src\utils\crudFactory.js
FN:4,(anonymous_0)
FN:16,(anonymous_1)
FN:19,(anonymous_2)
FN:21,(anonymous_3)
FN:45,(anonymous_4)
FN:56,(anonymous_5)
FN:59,(anonymous_6)
FN:73,(anonymous_7)
FN:75,(anonymous_8)
FN:102,(anonymous_9)
FN:104,(anonymous_10)
FN:126,(anonymous_11)
FN:133,(anonymous_12)
FN:134,(anonymous_13)
FN:155,(anonymous_14)
FN:158,(anonymous_15)
FN:159,(anonymous_16)
FN:169,(anonymous_17)
FN:175,(anonymous_18)
FN:219,(anonymous_19)
FN:220,(anonymous_20)
FN:240,(anonymous_21)
FN:247,(anonymous_22)
FN:311,(anonymous_23)
FN:312,(anonymous_24)
FN:332,(anonymous_25)
FNF:26
FNH:19
FNDA:9,(anonymous_0)
FNDA:4,(anonymous_1)
FNDA:0,(anonymous_2)
FNDA:0,(anonymous_3)
FNDA:8,(anonymous_4)
FNDA:28,(anonymous_5)
FNDA:28,(anonymous_6)
FNDA:12,(anonymous_7)
FNDA:12,(anonymous_8)
FNDA:0,(anonymous_9)
FNDA:0,(anonymous_10)
FNDA:0,(anonymous_11)
FNDA:0,(anonymous_12)
FNDA:0,(anonymous_13)
FNDA:27,(anonymous_14)
FNDA:26,(anonymous_15)
FNDA:25,(anonymous_16)
FNDA:16,(anonymous_17)
FNDA:37,(anonymous_18)
FNDA:22,(anonymous_19)
FNDA:22,(anonymous_20)
FNDA:4,(anonymous_21)
FNDA:4,(anonymous_22)
FNDA:15,(anonymous_23)
FNDA:15,(anonymous_24)
FNDA:4,(anonymous_25)
DA:1,11
DA:2,11
DA:4,11
DA:14,9
DA:16,9
DA:17,4
DA:19,0
DA:20,0
DA:21,0
DA:22,0
DA:24,0
DA:25,0
DA:30,0
DA:31,0
DA:33,0
DA:34,0
DA:36,0
DA:41,0
DA:45,9
DA:46,8
DA:47,8
DA:52,8
DA:55,4
DA:56,28
DA:59,4
DA:60,28
DA:61,4
DA:63,24
DA:65,4
DA:67,4
DA:69,8
DA:72,8
DA:73,12
DA:74,4
DA:75,12
DA:79,8
DA:80,8
DA:82,8
DA:84,8
DA:85,2
DA:86,2
DA:87,2
DA:88,2
DA:89,2
DA:93,8
DA:95,8
DA:98,8
DA:99,2
DA:100,2
DA:101,2
DA:102,0
DA:103,0
DA:104,0
DA:106,2
DA:107,2
DA:109,2
DA:120,6
DA:122,0
DA:126,9
DA:127,0
DA:128,0
DA:131,0
DA:132,0
DA:133,0
DA:134,0
DA:135,0
DA:136,0
DA:138,0
DA:140,0
DA:142,0
DA:144,0
DA:145,0
DA:146,0
DA:149,0
DA:151,0
DA:155,9
DA:156,27
DA:158,27
DA:159,26
DA:161,25
DA:162,1
DA:164,24
DA:169,9
DA:170,16
DA:171,16
DA:174,16
DA:175,16
DA:176,37
DA:177,37
DA:180,37
DA:182,0
DA:186,37
DA:187,0
DA:188,37
DA:189,0
DA:191,37
DA:197,16
DA:198,3
DA:199,3
DA:200,2
DA:204,2
DA:205,0
DA:214,16
DA:217,9
DA:218,3
DA:219,22
DA:220,3
DA:221,22
DA:222,3
DA:224,19
DA:226,3
DA:228,6
DA:230,9
DA:232,9
DA:234,7
DA:235,7
DA:236,7
DA:240,9
DA:241,4
DA:242,4
DA:243,4
DA:246,4
DA:247,4
DA:249,4
DA:250,0
DA:254,4
DA:255,0
DA:256,0
DA:260,4
DA:261,0
DA:264,4
DA:267,4
DA:269,0
DA:273,4
DA:274,0
DA:275,4
DA:276,0
DA:278,4
DA:283,4
DA:284,1
DA:285,1
DA:286,1
DA:290,1
DA:291,0
DA:300,4
DA:304,4
DA:305,0
DA:309,4
DA:310,2
DA:311,15
DA:312,2
DA:313,15
DA:314,2
DA:316,13
DA:318,2
DA:320,2
DA:322,4
DA:324,4
DA:326,0
DA:327,0
DA:328,0
DA:332,9
DA:333,4
DA:334,4
DA:335,4
DA:336,4
DA:337,0
DA:339,4
DA:341,0
DA:343,0
DA:344,0
DA:348,0
DA:352,9
DA:355,11
LF:174
LH:121
BRDA:6,0,0,9
BRDA:7,1,0,0
BRDA:8,2,0,9
BRDA:9,3,0,0
BRDA:10,4,0,5
BRDA:11,5,0,6
BRDA:12,6,0,8
BRDA:17,7,0,4
BRDA:17,7,1,0
BRDA:17,8,0,4
BRDA:17,8,1,0
BRDA:17,8,2,0
BRDA:22,9,0,0
BRDA:22,9,1,0
BRDA:22,10,0,0
BRDA:22,10,1,0
BRDA:24,11,0,0
BRDA:24,11,1,0
BRDA:24,12,0,0
BRDA:24,12,1,0
BRDA:30,13,0,0
BRDA:30,13,1,0
BRDA:31,14,0,0
BRDA:31,14,1,0
BRDA:34,15,0,0
BRDA:34,15,1,0
BRDA:52,16,0,4
BRDA:52,16,1,4
BRDA:60,17,0,4
BRDA:60,17,1,24
BRDA:72,18,0,4
BRDA:72,18,1,4
BRDA:72,19,0,8
BRDA:72,19,1,4
BRDA:79,20,0,2
BRDA:79,20,1,6
BRDA:80,21,0,2
BRDA:80,21,1,6
BRDA:80,22,0,8
BRDA:80,22,1,2
BRDA:84,23,0,2
BRDA:84,23,1,6
BRDA:87,24,0,2
BRDA:87,24,1,0
BRDA:95,25,0,4
BRDA:95,25,1,4
BRDA:98,26,0,2
BRDA:98,26,1,6
BRDA:101,27,0,0
BRDA:101,27,1,2
BRDA:101,28,0,2
BRDA:101,28,1,0
BRDA:112,29,0,2
BRDA:112,29,1,0
BRDA:131,30,0,0
BRDA:131,30,1,0
BRDA:135,31,0,0
BRDA:135,31,1,0
BRDA:145,32,0,0
BRDA:145,32,1,0
BRDA:156,33,0,0
BRDA:156,33,1,27
BRDA:161,34,0,1
BRDA:161,34,1,24
BRDA:161,35,0,25
BRDA:161,35,1,25
BRDA:161,35,2,1
BRDA:176,36,0,37
BRDA:176,36,1,0
BRDA:176,37,0,37
BRDA:176,37,1,37
BRDA:176,37,2,37
BRDA:180,38,0,0
BRDA:180,38,1,37
BRDA:180,39,0,37
BRDA:180,39,1,35
BRDA:180,39,2,16
BRDA:186,40,0,0
BRDA:186,40,1,37
BRDA:188,41,0,0
BRDA:188,41,1,37
BRDA:197,42,0,3
BRDA:197,42,1,13
BRDA:199,43,0,2
BRDA:199,43,1,1
BRDA:199,44,0,3
BRDA:199,44,1,2
BRDA:199,44,2,2
BRDA:204,45,0,0
BRDA:204,45,1,2
BRDA:206,46,0,0
BRDA:206,46,1,0
BRDA:206,47,0,0
BRDA:206,47,1,0
BRDA:217,48,0,3
BRDA:217,48,1,6
BRDA:221,49,0,3
BRDA:221,49,1,19
BRDA:249,50,0,0
BRDA:249,50,1,4
BRDA:254,51,0,0
BRDA:254,51,1,4
BRDA:254,52,0,4
BRDA:254,52,1,1
BRDA:260,53,0,0
BRDA:260,53,1,4
BRDA:260,54,0,4
BRDA:260,54,1,4
BRDA:267,55,0,0
BRDA:267,55,1,4
BRDA:267,56,0,4
BRDA:267,56,1,4
BRDA:267,56,2,2
BRDA:273,57,0,0
BRDA:273,57,1,4
BRDA:275,58,0,0
BRDA:275,58,1,4
BRDA:283,59,0,1
BRDA:283,59,1,3
BRDA:285,60,0,1
BRDA:285,60,1,0
BRDA:285,61,0,1
BRDA:285,61,1,1
BRDA:285,61,2,1
BRDA:290,62,0,0
BRDA:290,62,1,1
BRDA:292,63,0,0
BRDA:292,63,1,0
BRDA:292,64,0,0
BRDA:292,64,1,0
BRDA:304,65,0,0
BRDA:304,65,1,4
BRDA:309,66,0,2
BRDA:309,66,1,2
BRDA:313,67,0,2
BRDA:313,67,1,13
BRDA:336,68,0,0
BRDA:336,68,1,4
BRDA:343,69,0,0
BRDA:343,69,1,0
BRDA:343,70,0,0
BRDA:343,70,1,0
BRF:142
BRH:85
end_of_record
TN:
SF:src\utils\helpers.js
FN:5,(anonymous_0)
FN:13,(anonymous_1)
FN:23,(anonymous_2)
FN:31,(anonymous_3)
FN:34,(anonymous_4)
FN:35,(anonymous_5)
FN:38,(anonymous_6)
FN:46,(anonymous_7)
FN:60,(anonymous_8)
FNF:9
FNH:1
FNDA:0,(anonymous_0)
FNDA:0,(anonymous_1)
FNDA:0,(anonymous_2)
FNDA:0,(anonymous_3)
FNDA:0,(anonymous_4)
FNDA:0,(anonymous_5)
FNDA:0,(anonymous_6)
FNDA:0,(anonymous_7)
FNDA:1,(anonymous_8)
DA:5,1
DA:6,0
DA:7,0
DA:13,1
DA:14,0
DA:15,0
DA:16,0
DA:17,0
DA:23,1
DA:24,0
DA:25,0
DA:31,1
DA:32,0
DA:34,0
DA:35,0
DA:37,0
DA:38,0
DA:46,1
DA:47,0
DA:51,0
DA:52,0
DA:54,0
DA:60,1
DA:61,1
DA:68,1
LF:25
LH:8
BRDA:6,0,0,0
BRDA:6,0,1,0
BRDA:14,1,0,0
BRDA:14,1,1,0
BRDA:16,2,0,0
BRDA:16,2,1,0
BRDA:23,3,0,0
BRDA:23,4,0,0
BRDA:32,5,0,0
BRDA:32,5,1,0
BRDA:32,6,0,0
BRDA:32,6,1,0
BRDA:46,7,0,0
BRDA:51,8,0,0
BRDA:51,8,1,0
BRDA:60,9,0,0
BRF:16
BRH:0
end_of_record
